TN:
SF:src\components\ABTestingDashboard.js
FN:16,(anonymous_0)
FN:22,(anonymous_1)
FN:26,(anonymous_2)
FN:48,(anonymous_3)
FN:57,(anonymous_4)
FN:75,(anonymous_5)
FN:81,(anonymous_6)
FN:112,(anonymous_7)
FN:130,(anonymous_8)
FN:138,(anonymous_9)
FN:178,(anonymous_10)
FN:232,(anonymous_11)
FN:245,(anonymous_12)
FNF:13
FNH:0
FNDA:0,(anonymous_0)
FNDA:0,(anonymous_1)
FNDA:0,(anonymous_2)
FNDA:0,(anonymous_3)
FNDA:0,(anonymous_4)
FNDA:0,(anonymous_5)
FNDA:0,(anonymous_6)
FNDA:0,(anonymous_7)
FNDA:0,(anonymous_8)
FNDA:0,(anonymous_9)
FNDA:0,(anonymous_10)
FNDA:0,(anonymous_11)
FNDA:0,(anonymous_12)
DA:16,0
DA:17,0
DA:18,0
DA:19,0
DA:20,0
DA:22,0
DA:23,0
DA:26,0
DA:27,0
DA:28,0
DA:29,0
DA:32,0
DA:33,0
DA:34,0
DA:35,0
DA:39,0
DA:41,0
DA:42,0
DA:44,0
DA:48,0
DA:49,0
DA:58,0
DA:59,0
DA:62,0
DA:63,0
DA:65,0
DA:67,0
DA:75,0
DA:76,0
DA:78,0
DA:79,0
DA:81,0
DA:82,0
DA:83,0
DA:84,0
DA:88,0
DA:91,0
DA:93,0
DA:94,0
DA:106,0
DA:107,0
DA:109,0
DA:112,0
DA:131,0
DA:138,0
DA:179,0
DA:232,0
DA:245,0
LF:48
LH:0
BRDA:34,0,0,0
BRDA:34,0,1,0
BRDA:76,1,0,0
BRDA:76,1,1,0
BRDA:82,2,0,0
BRDA:82,2,1,0
BRDA:93,3,0,0
BRDA:93,3,1,0
BRDA:107,4,0,0
BRDA:107,4,1,0
BRDA:135,5,0,0
BRDA:135,5,1,0
BRDA:142,6,0,0
BRDA:142,6,1,0
BRDA:152,7,0,0
BRDA:152,7,1,0
BRDA:168,8,0,0
BRDA:168,8,1,0
BRF:18
BRH:0
end_of_record
TN:
SF:src\components\AnimatedAvatar.js
FN:5,(anonymous_0)
FN:9,(anonymous_1)
FN:101,(anonymous_2)
FNF:3
FNH:0
FNDA:0,(anonymous_0)
FNDA:0,(anonymous_1)
FNDA:0,(anonymous_2)
DA:5,0
DA:6,0
DA:7,0
DA:9,0
DA:10,0
DA:12,0
DA:28,0
DA:45,0
DA:50,0
DA:102,0
DA:116,0
LF:11
LH:0
BRDA:5,0,0,0
BRDA:5,1,0,0
BRDA:10,2,0,0
BRDA:10,2,1,0
BRDA:52,3,0,0
BRDA:52,3,1,0
BRDA:92,4,0,0
BRDA:92,4,1,0
BRDA:106,5,0,0
BRDA:106,5,1,0
BRF:10
BRH:0
end_of_record
TN:
SF:src\components\AuthFailureNotification.js
FN:12,(anonymous_0)
FN:19,(anonymous_1)
FN:22,(anonymous_2)
FN:32,(anonymous_3)
FN:35,(anonymous_4)
FN:36,(anonymous_5)
FN:46,(anonymous_6)
FN:60,(anonymous_7)
FN:74,(anonymous_8)
FN:83,(anonymous_9)
FN:92,(anonymous_10)
FN:98,(anonymous_11)
FNF:12
FNH:0
FNDA:0,(anonymous_0)
FNDA:0,(anonymous_1)
FNDA:0,(anonymous_2)
FNDA:0,(anonymous_3)
FNDA:0,(anonymous_4)
FNDA:0,(anonymous_5)
FNDA:0,(anonymous_6)
FNDA:0,(anonymous_7)
FNDA:0,(anonymous_8)
FNDA:0,(anonymous_9)
FNDA:0,(anonymous_10)
FNDA:0,(anonymous_11)
DA:12,0
DA:13,0
DA:14,0
DA:15,0
DA:16,0
DA:17,0
DA:19,0
DA:22,0
DA:27,0
DA:30,0
DA:32,0
DA:35,0
DA:36,0
DA:38,0
DA:40,0
DA:47,0
DA:48,0
DA:53,0
DA:57,0
DA:60,0
DA:62,0
DA:64,0
DA:65,0
DA:68,0
DA:69,0
DA:74,0
DA:75,0
DA:84,0
DA:85,0
DA:92,0
DA:93,0
DA:94,0
DA:95,0
DA:98,0
DA:99,0
DA:101,0
DA:109,0
DA:117,0
DA:125,0
DA:129,0
DA:130,0
DA:132,0
DA:173,0
LF:43
LH:0
BRDA:38,0,0,0
BRDA:38,0,1,0
BRDA:62,1,0,0
BRDA:62,1,1,0
BRDA:99,2,0,0
BRDA:99,2,1,0
BRDA:99,2,2,0
BRDA:99,2,3,0
BRDA:130,3,0,0
BRDA:130,3,1,0
BRDA:130,4,0,0
BRDA:130,4,1,0
BRDA:163,5,0,0
BRDA:163,5,1,0
BRF:14
BRH:0
end_of_record
TN:
SF:src\components\CompatibilityBadge.js
FN:11,(anonymous_0)
FN:16,(anonymous_1)
FNF:2
FNH:0
FNDA:0,(anonymous_0)
FNDA:0,(anonymous_1)
DA:11,0
DA:12,0
DA:13,0
DA:16,0
DA:17,0
DA:18,0
DA:23,0
DA:24,0
DA:29,0
DA:30,0
DA:36,0
DA:44,0
DA:45,0
DA:47,0
DA:73,0
LF:15
LH:0
BRDA:11,0,0,0
BRDA:12,1,0,0
BRDA:12,1,1,0
BRDA:12,2,0,0
BRDA:12,2,1,0
BRDA:17,3,0,0
BRDA:17,3,1,0
BRDA:23,4,0,0
BRDA:23,4,1,0
BRDA:29,5,0,0
BRDA:29,5,1,0
BRDA:54,6,0,0
BRDA:54,6,1,0
BRDA:59,7,0,0
BRDA:59,7,1,0
BRDA:64,8,0,0
BRDA:64,8,1,0
BRF:17
BRH:0
end_of_record
TN:
SF:src\components\CookieConsentBanner.js
FN:19,(anonymous_0)
FN:25,(anonymous_1)
FN:43,(anonymous_2)
FN:59,(anonymous_3)
FN:75,(anonymous_4)
FN:91,(anonymous_5)
FN:181,(anonymous_6)
FNF:7
FNH:0
FNDA:0,(anonymous_0)
FNDA:0,(anonymous_1)
FNDA:0,(anonymous_2)
FNDA:0,(anonymous_3)
FNDA:0,(anonymous_4)
FNDA:0,(anonymous_5)
FNDA:0,(anonymous_6)
DA:17,0
DA:19,0
DA:20,0
DA:21,0
DA:22,0
DA:23,0
DA:25,0
DA:26,0
DA:27,0
DA:34,0
DA:43,0
DA:44,0
DA:45,0
DA:46,0
DA:51,0
DA:53,0
DA:55,0
DA:59,0
DA:60,0
DA:61,0
DA:62,0
DA:67,0
DA:69,0
DA:71,0
DA:75,0
DA:76,0
DA:77,0
DA:78,0
DA:83,0
DA:85,0
DA:87,0
DA:91,0
DA:92,0
DA:95,0
DA:97,0
DA:181,0
DA:221,0
LF:37
LH:0
BRDA:19,0,0,0
BRDA:26,1,0,0
BRDA:26,1,1,0
BRDA:95,2,0,0
BRDA:95,2,1,0
BRDA:126,3,0,0
BRDA:126,3,1,0
BRDA:184,4,0,0
BRDA:184,4,1,0
BRDA:187,5,0,0
BRDA:187,5,1,0
BRDA:210,6,0,0
BRDA:210,6,1,0
BRF:13
BRH:0
end_of_record
TN:
SF:src\components\CookieConsentManager.js
FN:6,(anonymous_0)
FNF:1
FNH:0
FNDA:0,(anonymous_0)
DA:6,0
DA:14,0
DA:16,0
LF:3
LH:0
BRF:0
BRH:0
end_of_record
TN:
SF:src\components\EditProfileModal.js
FN:14,(anonymous_0)
FN:25,(anonymous_1)
FN:27,(anonymous_2)
FN:37,(anonymous_3)
FN:145,(anonymous_4)
FN:152,(anonymous_5)
FNF:6
FNH:0
FNDA:0,(anonymous_0)
FNDA:0,(anonymous_1)
FNDA:0,(anonymous_2)
FNDA:0,(anonymous_3)
FNDA:0,(anonymous_4)
FNDA:0,(anonymous_5)
DA:14,0
DA:15,0
DA:16,0
DA:17,0
DA:18,0
DA:20,0
DA:25,0
DA:26,0
DA:27,0
DA:29,0
DA:30,0
DA:32,0
DA:37,0
DA:39,0
DA:40,0
DA:41,0
DA:43,0
DA:44,0
DA:45,0
DA:47,0
DA:48,0
DA:49,0
DA:53,0
DA:54,0
DA:55,0
DA:57,0
DA:58,0
DA:59,0
DA:60,0
DA:62,0
DA:63,0
DA:64,0
DA:68,0
DA:69,0
DA:70,0
DA:74,0
DA:75,0
DA:76,0
DA:79,0
DA:85,0
DA:88,0
DA:146,0
DA:152,0
DA:173,0
LF:44
LH:0
BRDA:26,0,0,0
BRDA:26,0,1,0
BRDA:29,1,0,0
BRDA:29,1,1,0
BRDA:39,2,0,0
BRDA:39,2,1,0
BRDA:43,3,0,0
BRDA:43,3,1,0
BRDA:47,4,0,0
BRDA:47,4,1,0
BRDA:53,5,0,0
BRDA:53,5,1,0
BRDA:53,6,0,0
BRDA:53,6,1,0
BRDA:58,7,0,0
BRDA:58,7,1,0
BRDA:62,8,0,0
BRDA:62,8,1,0
BRDA:68,9,0,0
BRDA:68,9,1,0
BRDA:74,10,0,0
BRDA:74,10,1,0
BRDA:150,11,0,0
BRDA:150,11,1,0
BRDA:156,12,0,0
BRDA:156,12,1,0
BRDA:160,13,0,0
BRDA:160,13,1,0
BRF:28
BRH:0
end_of_record
TN:
SF:src\components\EmailVerificationBanner.js
FN:11,(anonymous_0)
FN:16,(anonymous_1)
FN:46,(anonymous_2)
FNF:3
FNH:0
FNDA:0,(anonymous_0)
FNDA:0,(anonymous_1)
FNDA:0,(anonymous_2)
DA:11,0
DA:12,0
DA:13,0
DA:14,0
DA:16,0
DA:17,0
DA:18,0
DA:19,0
DA:22,0
DA:23,0
DA:24,0
DA:26,0
DA:27,0
DA:31,0
DA:33,0
DA:36,0
DA:37,0
DA:42,0
DA:46,0
DA:47,0
DA:48,0
DA:49,0
DA:53,0
DA:54,0
DA:57,0
DA:92,0
LF:26
LH:0
BRDA:17,0,0,0
BRDA:17,0,1,0
BRDA:26,1,0,0
BRDA:26,1,1,0
BRDA:33,2,0,0
BRDA:33,2,1,0
BRDA:48,3,0,0
BRDA:48,3,1,0
BRDA:53,4,0,0
BRDA:53,4,1,0
BRDA:76,5,0,0
BRDA:76,5,1,0
BRF:12
BRH:0
end_of_record
TN:
SF:src\components\EmailVerificationStatus.js
FN:11,(anonymous_0)
FN:16,(anonymous_1)
FN:20,(anonymous_2)
FN:32,(anonymous_3)
FNF:4
FNH:0
FNDA:0,(anonymous_0)
FNDA:0,(anonymous_1)
FNDA:0,(anonymous_2)
FNDA:0,(anonymous_3)
DA:11,0
DA:12,0
DA:13,0
DA:14,0
DA:16,0
DA:17,0
DA:20,0
DA:21,0
DA:23,0
DA:24,0
DA:25,0
DA:27,0
DA:28,0
DA:32,0
DA:33,0
DA:34,0
DA:35,0
DA:38,0
DA:39,0
DA:40,0
DA:42,0
DA:43,0
DA:47,0
DA:49,0
DA:52,0
DA:53,0
DA:58,0
DA:62,0
DA:63,0
DA:66,0
DA:96,0
LF:31
LH:0
BRDA:21,0,0,0
BRDA:21,0,1,0
BRDA:33,1,0,0
BRDA:33,1,1,0
BRDA:42,2,0,0
BRDA:42,2,1,0
BRDA:49,3,0,0
BRDA:49,3,1,0
BRDA:62,4,0,0
BRDA:62,4,1,0
BRDA:62,5,0,0
BRDA:62,5,1,0
BRDA:78,6,0,0
BRDA:78,6,1,0
BRDA:82,7,0,0
BRDA:82,7,1,0
BRDA:83,8,0,0
BRDA:83,8,1,0
BRDA:87,9,0,0
BRDA:87,9,1,0
BRF:20
BRH:0
end_of_record
TN:
SF:src\components\EnhancedErrorBoundary.js
FN:7,(anonymous_0)
FN:12,(anonymous_1)
FN:16,(anonymous_2)
FN:24,(anonymous_3)
FN:28,(anonymous_4)
FNF:5
FNH:0
FNDA:0,(anonymous_0)
FNDA:0,(anonymous_1)
FNDA:0,(anonymous_2)
FNDA:0,(anonymous_3)
FNDA:0,(anonymous_4)
DA:8,0
DA:9,0
DA:13,0
DA:17,0
DA:18,0
DA:24,0
DA:25,0
DA:29,0
DA:30,0
DA:53,0
DA:57,0
LF:11
LH:0
BRDA:29,0,0,0
BRDA:29,0,1,0
BRDA:38,1,0,0
BRDA:38,1,1,0
BRDA:38,1,2,0
BRF:5
BRH:0
end_of_record
TN:
SF:src\components\ErrorDisplay.js
FN:18,(anonymous_0)
FN:29,(anonymous_1)
FN:38,(anonymous_2)
FN:87,(anonymous_3)
FNF:4
FNH:0
FNDA:0,(anonymous_0)
FNDA:0,(anonymous_1)
FNDA:0,(anonymous_2)
FNDA:0,(anonymous_3)
DA:18,0
DA:25,0
DA:27,0
DA:29,0
DA:30,0
DA:31,0
DA:32,0
DA:33,0
DA:40,0
DA:45,0
DA:49,0
DA:50,0
DA:65,0
DA:88,0
DA:129,0
LF:15
LH:0
BRDA:22,0,0,0
BRDA:23,1,0,0
BRDA:27,2,0,0
BRDA:27,2,1,0
BRDA:30,3,0,0
BRDA:30,3,1,0
BRDA:30,4,0,0
BRDA:30,4,1,0
BRDA:32,5,0,0
BRDA:32,5,1,0
BRDA:45,6,0,0
BRDA:45,6,1,0
BRDA:49,7,0,0
BRDA:49,7,1,0
BRDA:81,8,0,0
BRDA:81,8,1,0
BRDA:81,8,2,0
BRDA:81,8,3,0
BRDA:105,9,0,0
BRDA:105,9,1,0
BRF:20
BRH:0
end_of_record
TN:
SF:src\components\ErrorModal.js
FN:20,(anonymous_0)
FNF:1
FNH:0
FNDA:0,(anonymous_0)
DA:18,0
DA:20,0
DA:27,0
DA:29,0
DA:63,0
LF:5
LH:0
BRDA:25,0,0,0
BRF:1
BRH:0
end_of_record
TN:
SF:src\components\FilterPanel.js
FN:6,(anonymous_0)
FNF:1
FNH:0
FNDA:0,(anonymous_0)
DA:6,0
DA:21,0
DA:70,0
LF:3
LH:0
BRDA:30,0,0,0
BRDA:30,0,1,0
BRDA:33,1,0,0
BRDA:33,1,1,0
BRDA:38,2,0,0
BRDA:38,2,1,0
BRDA:41,3,0,0
BRDA:41,3,1,0
BRDA:61,4,0,0
BRDA:61,4,1,0
BRDA:64,5,0,0
BRDA:64,5,1,0
BRF:12
BRH:0
end_of_record
TN:
SF:src\components\IceBreakerSuggestions.js
FN:10,(anonymous_0)
FN:17,(anonymous_1)
FN:24,(anonymous_2)
FN:41,(anonymous_3)
FN:51,(anonymous_4)
FNF:5
FNH:0
FNDA:0,(anonymous_0)
FNDA:0,(anonymous_1)
FNDA:0,(anonymous_2)
FNDA:0,(anonymous_3)
FNDA:0,(anonymous_4)
DA:10,0
DA:11,0
DA:13,0
DA:18,0
DA:24,0
DA:41,0
DA:42,0
DA:48,0
DA:51,0
DA:52,0
DA:58,0
DA:61,0
LF:12
LH:0
BRDA:11,0,0,0
BRDA:11,0,1,0
BRDA:11,1,0,0
BRDA:11,1,1,0
BRDA:27,2,0,0
BRDA:27,2,1,0
BRDA:48,3,0,0
BRDA:48,3,1,0
BRDA:58,4,0,0
BRDA:58,4,1,0
BRF:10
BRH:0
end_of_record
TN:
SF:src\components\InlineError.js
FN:16,(anonymous_0)
FN:26,(anonymous_1)
FNF:2
FNH:0
FNDA:0,(anonymous_0)
FNDA:0,(anonymous_1)
DA:16,0
DA:23,0
DA:24,0
DA:26,0
DA:27,0
DA:34,0
DA:36,0
DA:64,0
LF:8
LH:0
BRDA:18,0,0,0
BRDA:20,1,0,0
BRDA:21,2,0,0
BRDA:24,3,0,0
BRDA:24,3,1,0
BRDA:28,4,0,0
BRDA:28,4,1,0
BRDA:28,5,0,0
BRDA:28,5,1,0
BRDA:34,6,0,0
BRDA:34,6,1,0
BRF:11
BRH:0
end_of_record
TN:
SF:src\components\LiveMapView.DEC02.js
FN:26,(anonymous_0)
FN:29,(anonymous_1)
FN:45,(anonymous_2)
FN:93,(anonymous_3)
FN:144,(anonymous_4)
FN:153,(anonymous_5)
FN:158,(anonymous_6)
FN:160,(anonymous_7)
FN:173,(anonymous_8)
FN:178,(anonymous_9)
FN:179,(anonymous_10)
FN:181,(anonymous_11)
FN:200,(anonymous_12)
FN:203,(anonymous_13)
FN:211,(anonymous_14)
FN:251,(anonymous_15)
FN:252,(anonymous_16)
FN:275,(anonymous_17)
FN:284,(anonymous_18)
FN:299,(anonymous_19)
FN:336,(anonymous_20)
FN:377,(anonymous_21)
FN:421,(anonymous_22)
FN:450,(anonymous_23)
FN:489,(anonymous_24)
FN:513,(anonymous_25)
FN:552,(anonymous_26)
FN:554,(anonymous_27)
FN:560,(anonymous_28)
FN:608,(anonymous_29)
FNF:30
FNH:0
FNDA:0,(anonymous_0)
FNDA:0,(anonymous_1)
FNDA:0,(anonymous_2)
FNDA:0,(anonymous_3)
FNDA:0,(anonymous_4)
FNDA:0,(anonymous_5)
FNDA:0,(anonymous_6)
FNDA:0,(anonymous_7)
FNDA:0,(anonymous_8)
FNDA:0,(anonymous_9)
FNDA:0,(anonymous_10)
FNDA:0,(anonymous_11)
FNDA:0,(anonymous_12)
FNDA:0,(anonymous_13)
FNDA:0,(anonymous_14)
FNDA:0,(anonymous_15)
FNDA:0,(anonymous_16)
FNDA:0,(anonymous_17)
FNDA:0,(anonymous_18)
FNDA:0,(anonymous_19)
FNDA:0,(anonymous_20)
FNDA:0,(anonymous_21)
FNDA:0,(anonymous_22)
FNDA:0,(anonymous_23)
FNDA:0,(anonymous_24)
FNDA:0,(anonymous_25)
FNDA:0,(anonymous_26)
FNDA:0,(anonymous_27)
FNDA:0,(anonymous_28)
FNDA:0,(anonymous_29)
DA:9,0
DA:10,0
DA:11,0
DA:12,0
DA:13,0
DA:14,0
DA:16,0
DA:17,0
DA:18,0
DA:19,0
DA:20,0
DA:23,0
DA:26,0
DA:27,0
DA:29,0
DA:30,0
DA:44,0
DA:45,0
DA:48,0
DA:79,0
DA:93,0
DA:96,0
DA:97,0
DA:100,0
DA:101,0
DA:102,0
DA:106,0
DA:107,0
DA:108,0
DA:109,0
DA:112,0
DA:113,0
DA:114,0
DA:115,0
DA:116,0
DA:118,0
DA:119,0
DA:122,0
DA:123,0
DA:124,0
DA:125,0
DA:126,0
DA:128,0
DA:133,0
DA:138,0
DA:141,0
DA:144,0
DA:145,0
DA:146,0
DA:147,0
DA:148,0
DA:149,0
DA:150,0
DA:151,0
DA:153,0
DA:154,0
DA:158,0
DA:159,0
DA:160,0
DA:161,0
DA:162,0
DA:169,0
DA:173,0
DA:174,0
DA:178,0
DA:179,0
DA:180,0
DA:181,0
DA:182,0
DA:184,0
DA:185,0
DA:187,0
DA:188,0
DA:196,0
DA:200,0
DA:203,0
DA:204,0
DA:205,0
DA:206,0
DA:207,0
DA:211,0
DA:212,0
DA:213,0
DA:214,0
DA:216,0
DA:222,0
DA:251,0
DA:253,0
DA:254,0
DA:255,0
DA:258,0
DA:259,0
DA:266,0
DA:268,0
DA:272,0
DA:273,0
DA:275,0
DA:276,0
DA:277,0
DA:281,0
DA:285,0
DA:286,0
DA:292,0
DA:293,0
DA:299,0
DA:301,0
DA:302,0
DA:307,0
DA:308,0
DA:337,0
DA:339,0
DA:340,0
DA:346,0
DA:355,0
DA:378,0
DA:379,0
DA:383,0
DA:384,0
DA:386,0
DA:389,0
DA:392,0
DA:401,0
DA:402,0
DA:403,0
DA:406,0
DA:408,0
DA:422,0
DA:423,0
DA:451,0
DA:452,0
DA:490,0
DA:491,0
DA:514,0
DA:516,0
DA:517,0
DA:519,0
DA:522,0
DA:525,0
DA:526,0
DA:528,0
DA:530,0
DA:531,0
DA:534,0
DA:535,0
DA:546,0
DA:553,0
DA:554,0
DA:555,0
DA:556,0
DA:557,0
DA:561,0
DA:565,0
DA:572,0
DA:584,0
DA:609,0
DA:611,0
DA:612,0
DA:618,0
DA:627,0
DA:1060,0
LF:160
LH:0
BRDA:144,0,0,0
BRDA:144,1,0,0
BRDA:144,2,0,0
BRDA:161,3,0,0
BRDA:161,3,1,0
BRDA:161,4,0,0
BRDA:161,4,1,0
BRDA:161,4,2,0
BRDA:174,5,0,0
BRDA:174,5,1,0
BRDA:182,6,0,0
BRDA:182,6,1,0
BRDA:182,7,0,0
BRDA:182,7,1,0
BRDA:182,7,2,0
BRDA:182,7,3,0
BRDA:185,8,0,0
BRDA:185,8,1,0
BRDA:205,9,0,0
BRDA:205,9,1,0
BRDA:212,10,0,0
BRDA:212,10,1,0
BRDA:222,11,0,0
BRDA:222,11,1,0
BRDA:222,12,0,0
BRDA:222,12,1,0
BRDA:222,13,0,0
BRDA:222,13,1,0
BRDA:229,14,0,0
BRDA:229,14,1,0
BRDA:236,15,0,0
BRDA:236,15,1,0
BRDA:236,16,0,0
BRDA:236,16,1,0
BRDA:253,17,0,0
BRDA:253,17,1,0
BRDA:253,18,0,0
BRDA:253,18,1,0
BRDA:258,19,0,0
BRDA:258,19,1,0
BRDA:258,20,0,0
BRDA:258,20,1,0
BRDA:272,21,0,0
BRDA:272,21,1,0
BRDA:285,22,0,0
BRDA:285,22,1,0
BRDA:285,23,0,0
BRDA:285,23,1,0
BRDA:301,24,0,0
BRDA:301,24,1,0
BRDA:307,25,0,0
BRDA:307,25,1,0
BRDA:319,26,0,0
BRDA:319,26,1,0
BRDA:323,27,0,0
BRDA:323,27,1,0
BRDA:325,28,0,0
BRDA:325,28,1,0
BRDA:327,29,0,0
BRDA:327,29,1,0
BRDA:328,30,0,0
BRDA:328,30,1,0
BRDA:332,31,0,0
BRDA:332,31,1,0
BRDA:332,31,2,0
BRDA:337,32,0,0
BRDA:337,32,1,0
BRDA:337,33,0,0
BRDA:337,33,1,0
BRDA:337,33,2,0
BRDA:337,33,3,0
BRDA:361,34,0,0
BRDA:361,34,1,0
BRDA:367,35,0,0
BRDA:367,35,1,0
BRDA:378,36,0,0
BRDA:378,36,1,0
BRDA:378,37,0,0
BRDA:378,37,1,0
BRDA:384,38,0,0
BRDA:384,38,1,0
BRDA:386,39,0,0
BRDA:386,39,1,0
BRDA:386,40,0,0
BRDA:386,40,1,0
BRDA:386,40,2,0
BRDA:392,41,0,0
BRDA:392,41,1,0
BRDA:399,42,0,0
BRDA:399,42,1,0
BRDA:401,43,0,0
BRDA:401,43,1,0
BRDA:402,44,0,0
BRDA:402,44,1,0
BRDA:406,45,0,0
BRDA:406,45,1,0
BRDA:406,46,0,0
BRDA:406,46,1,0
BRDA:409,47,0,0
BRDA:409,47,1,0
BRDA:411,48,0,0
BRDA:411,48,1,0
BRDA:411,48,2,0
BRDA:413,49,0,0
BRDA:413,49,1,0
BRDA:422,50,0,0
BRDA:422,50,1,0
BRDA:422,51,0,0
BRDA:422,51,1,0
BRDA:427,52,0,0
BRDA:427,52,1,0
BRDA:431,53,0,0
BRDA:431,53,1,0
BRDA:441,54,0,0
BRDA:441,54,1,0
BRDA:441,54,2,0
BRDA:443,55,0,0
BRDA:443,55,1,0
BRDA:451,56,0,0
BRDA:451,56,1,0
BRDA:451,57,0,0
BRDA:451,57,1,0
BRDA:457,58,0,0
BRDA:457,58,1,0
BRDA:469,59,0,0
BRDA:469,59,1,0
BRDA:478,60,0,0
BRDA:478,60,1,0
BRDA:478,61,0,0
BRDA:478,61,1,0
BRDA:480,62,0,0
BRDA:480,62,1,0
BRDA:485,63,0,0
BRDA:485,63,1,0
BRDA:485,64,0,0
BRDA:485,64,1,0
BRDA:490,65,0,0
BRDA:490,65,1,0
BRDA:490,66,0,0
BRDA:490,66,1,0
BRDA:501,67,0,0
BRDA:501,67,1,0
BRDA:513,68,0,0
BRDA:513,68,1,0
BRDA:513,68,2,0
BRDA:514,69,0,0
BRDA:514,69,1,0
BRDA:514,70,0,0
BRDA:514,70,1,0
BRDA:517,71,0,0
BRDA:517,71,1,0
BRDA:519,72,0,0
BRDA:519,72,1,0
BRDA:519,73,0,0
BRDA:519,73,1,0
BRDA:519,73,2,0
BRDA:525,74,0,0
BRDA:525,74,1,0
BRDA:526,75,0,0
BRDA:526,75,1,0
BRDA:528,76,0,0
BRDA:528,76,1,0
BRDA:528,77,0,0
BRDA:528,77,1,0
BRDA:528,77,2,0
BRDA:534,78,0,0
BRDA:534,78,1,0
BRDA:534,79,0,0
BRDA:534,79,1,0
BRDA:537,80,0,0
BRDA:537,80,1,0
BRDA:553,81,0,0
BRDA:553,81,1,0
BRDA:553,82,0,0
BRDA:553,82,1,0
BRDA:574,83,0,0
BRDA:574,83,1,0
BRDA:590,84,0,0
BRDA:590,84,1,0
BRDA:594,85,0,0
BRDA:594,85,1,0
BRDA:596,86,0,0
BRDA:596,86,1,0
BRDA:598,87,0,0
BRDA:598,87,1,0
BRDA:599,88,0,0
BRDA:599,88,1,0
BRDA:604,89,0,0
BRDA:604,89,1,0
BRDA:604,89,2,0
BRDA:609,90,0,0
BRDA:609,90,1,0
BRDA:609,91,0,0
BRDA:609,91,1,0
BRDA:609,91,2,0
BRDA:609,91,3,0
BRF:196
BRH:0
end_of_record
TN:
SF:src\components\LiveMapView.js
FN:26,(anonymous_0)
FN:29,(anonymous_1)
FN:45,(anonymous_2)
FN:93,(anonymous_3)
FN:144,(anonymous_4)
FN:156,(anonymous_5)
FN:161,(anonymous_6)
FN:164,(anonymous_7)
FN:178,(anonymous_8)
FN:183,(anonymous_9)
FN:184,(anonymous_10)
FN:186,(anonymous_11)
FN:205,(anonymous_12)
FN:208,(anonymous_13)
FN:216,(anonymous_14)
FN:256,(anonymous_15)
FN:257,(anonymous_16)
FN:280,(anonymous_17)
FN:289,(anonymous_18)
FN:304,(anonymous_19)
FN:341,(anonymous_20)
FN:382,(anonymous_21)
FN:426,(anonymous_22)
FN:457,(anonymous_23)
FN:496,(anonymous_24)
FN:520,(anonymous_25)
FN:559,(anonymous_26)
FN:561,(anonymous_27)
FN:567,(anonymous_28)
FN:615,(anonymous_29)
FNF:30
FNH:0
FNDA:0,(anonymous_0)
FNDA:0,(anonymous_1)
FNDA:0,(anonymous_2)
FNDA:0,(anonymous_3)
FNDA:0,(anonymous_4)
FNDA:0,(anonymous_5)
FNDA:0,(anonymous_6)
FNDA:0,(anonymous_7)
FNDA:0,(anonymous_8)
FNDA:0,(anonymous_9)
FNDA:0,(anonymous_10)
FNDA:0,(anonymous_11)
FNDA:0,(anonymous_12)
FNDA:0,(anonymous_13)
FNDA:0,(anonymous_14)
FNDA:0,(anonymous_15)
FNDA:0,(anonymous_16)
FNDA:0,(anonymous_17)
FNDA:0,(anonymous_18)
FNDA:0,(anonymous_19)
FNDA:0,(anonymous_20)
FNDA:0,(anonymous_21)
FNDA:0,(anonymous_22)
FNDA:0,(anonymous_23)
FNDA:0,(anonymous_24)
FNDA:0,(anonymous_25)
FNDA:0,(anonymous_26)
FNDA:0,(anonymous_27)
FNDA:0,(anonymous_28)
FNDA:0,(anonymous_29)
DA:9,0
DA:10,0
DA:11,0
DA:12,0
DA:13,0
DA:14,0
DA:16,0
DA:17,0
DA:18,0
DA:19,0
DA:20,0
DA:23,0
DA:26,0
DA:27,0
DA:29,0
DA:30,0
DA:44,0
DA:45,0
DA:48,0
DA:79,0
DA:93,0
DA:96,0
DA:97,0
DA:100,0
DA:101,0
DA:102,0
DA:106,0
DA:107,0
DA:108,0
DA:109,0
DA:112,0
DA:113,0
DA:114,0
DA:115,0
DA:116,0
DA:118,0
DA:119,0
DA:122,0
DA:123,0
DA:124,0
DA:125,0
DA:126,0
DA:128,0
DA:133,0
DA:138,0
DA:141,0
DA:144,0
DA:146,0
DA:148,0
DA:149,0
DA:150,0
DA:151,0
DA:152,0
DA:153,0
DA:154,0
DA:156,0
DA:157,0
DA:161,0
DA:162,0
DA:163,0
DA:164,0
DA:165,0
DA:166,0
DA:174,0
DA:178,0
DA:179,0
DA:183,0
DA:184,0
DA:185,0
DA:186,0
DA:187,0
DA:189,0
DA:190,0
DA:192,0
DA:193,0
DA:201,0
DA:205,0
DA:208,0
DA:209,0
DA:210,0
DA:211,0
DA:212,0
DA:216,0
DA:217,0
DA:218,0
DA:219,0
DA:221,0
DA:227,0
DA:256,0
DA:258,0
DA:259,0
DA:260,0
DA:263,0
DA:264,0
DA:271,0
DA:273,0
DA:277,0
DA:278,0
DA:280,0
DA:281,0
DA:282,0
DA:286,0
DA:290,0
DA:291,0
DA:297,0
DA:298,0
DA:304,0
DA:306,0
DA:307,0
DA:312,0
DA:313,0
DA:342,0
DA:344,0
DA:345,0
DA:351,0
DA:360,0
DA:383,0
DA:384,0
DA:388,0
DA:389,0
DA:391,0
DA:394,0
DA:397,0
DA:406,0
DA:407,0
DA:408,0
DA:411,0
DA:413,0
DA:427,0
DA:428,0
DA:458,0
DA:459,0
DA:497,0
DA:498,0
DA:521,0
DA:523,0
DA:524,0
DA:526,0
DA:529,0
DA:532,0
DA:533,0
DA:535,0
DA:537,0
DA:538,0
DA:541,0
DA:542,0
DA:553,0
DA:560,0
DA:561,0
DA:562,0
DA:563,0
DA:564,0
DA:568,0
DA:572,0
DA:579,0
DA:591,0
DA:616,0
DA:618,0
DA:619,0
DA:625,0
DA:634,0
DA:1067,0
LF:162
LH:0
BRDA:144,0,0,0
BRDA:144,1,0,0
BRDA:144,2,0,0
BRDA:146,3,0,0
BRDA:146,3,1,0
BRDA:146,3,2,0
BRDA:163,4,0,0
BRDA:163,4,1,0
BRDA:163,5,0,0
BRDA:163,5,1,0
BRDA:165,6,0,0
BRDA:165,6,1,0
BRDA:165,7,0,0
BRDA:165,7,1,0
BRDA:165,7,2,0
BRDA:179,8,0,0
BRDA:179,8,1,0
BRDA:179,9,0,0
BRDA:179,9,1,0
BRDA:187,10,0,0
BRDA:187,10,1,0
BRDA:187,11,0,0
BRDA:187,11,1,0
BRDA:187,11,2,0
BRDA:187,11,3,0
BRDA:190,12,0,0
BRDA:190,12,1,0
BRDA:210,13,0,0
BRDA:210,13,1,0
BRDA:217,14,0,0
BRDA:217,14,1,0
BRDA:227,15,0,0
BRDA:227,15,1,0
BRDA:227,16,0,0
BRDA:227,16,1,0
BRDA:227,17,0,0
BRDA:227,17,1,0
BRDA:227,17,2,0
BRDA:227,17,3,0
BRDA:234,18,0,0
BRDA:234,18,1,0
BRDA:241,19,0,0
BRDA:241,19,1,0
BRDA:241,20,0,0
BRDA:241,20,1,0
BRDA:241,20,2,0
BRDA:241,20,3,0
BRDA:258,21,0,0
BRDA:258,21,1,0
BRDA:258,22,0,0
BRDA:258,22,1,0
BRDA:263,23,0,0
BRDA:263,23,1,0
BRDA:263,24,0,0
BRDA:263,24,1,0
BRDA:277,25,0,0
BRDA:277,25,1,0
BRDA:290,26,0,0
BRDA:290,26,1,0
BRDA:290,27,0,0
BRDA:290,27,1,0
BRDA:306,28,0,0
BRDA:306,28,1,0
BRDA:312,29,0,0
BRDA:312,29,1,0
BRDA:324,30,0,0
BRDA:324,30,1,0
BRDA:328,31,0,0
BRDA:328,31,1,0
BRDA:330,32,0,0
BRDA:330,32,1,0
BRDA:332,33,0,0
BRDA:332,33,1,0
BRDA:333,34,0,0
BRDA:333,34,1,0
BRDA:337,35,0,0
BRDA:337,35,1,0
BRDA:337,35,2,0
BRDA:341,36,0,0
BRDA:341,36,1,0
BRDA:342,37,0,0
BRDA:342,37,1,0
BRDA:342,38,0,0
BRDA:342,38,1,0
BRDA:342,38,2,0
BRDA:342,38,3,0
BRDA:366,39,0,0
BRDA:366,39,1,0
BRDA:372,40,0,0
BRDA:372,40,1,0
BRDA:382,41,0,0
BRDA:382,41,1,0
BRDA:383,42,0,0
BRDA:383,42,1,0
BRDA:383,43,0,0
BRDA:383,43,1,0
BRDA:389,44,0,0
BRDA:389,44,1,0
BRDA:391,45,0,0
BRDA:391,45,1,0
BRDA:391,46,0,0
BRDA:391,46,1,0
BRDA:391,46,2,0
BRDA:397,47,0,0
BRDA:397,47,1,0
BRDA:404,48,0,0
BRDA:404,48,1,0
BRDA:406,49,0,0
BRDA:406,49,1,0
BRDA:407,50,0,0
BRDA:407,50,1,0
BRDA:411,51,0,0
BRDA:411,51,1,0
BRDA:411,52,0,0
BRDA:411,52,1,0
BRDA:414,53,0,0
BRDA:414,53,1,0
BRDA:416,54,0,0
BRDA:416,54,1,0
BRDA:416,54,2,0
BRDA:418,55,0,0
BRDA:418,55,1,0
BRDA:427,56,0,0
BRDA:427,56,1,0
BRDA:427,57,0,0
BRDA:427,57,1,0
BRDA:432,58,0,0
BRDA:432,58,1,0
BRDA:436,59,0,0
BRDA:436,59,1,0
BRDA:436,60,0,0
BRDA:436,60,1,0
BRDA:436,60,2,0
BRDA:438,61,0,0
BRDA:438,61,1,0
BRDA:448,62,0,0
BRDA:448,62,1,0
BRDA:448,62,2,0
BRDA:450,63,0,0
BRDA:450,63,1,0
BRDA:458,64,0,0
BRDA:458,64,1,0
BRDA:458,65,0,0
BRDA:458,65,1,0
BRDA:464,66,0,0
BRDA:464,66,1,0
BRDA:476,67,0,0
BRDA:476,67,1,0
BRDA:485,68,0,0
BRDA:485,68,1,0
BRDA:485,69,0,0
BRDA:485,69,1,0
BRDA:487,70,0,0
BRDA:487,70,1,0
BRDA:492,71,0,0
BRDA:492,71,1,0
BRDA:492,72,0,0
BRDA:492,72,1,0
BRDA:497,73,0,0
BRDA:497,73,1,0
BRDA:497,74,0,0
BRDA:497,74,1,0
BRDA:508,75,0,0
BRDA:508,75,1,0
BRDA:520,76,0,0
BRDA:520,76,1,0
BRDA:520,76,2,0
BRDA:520,77,0,0
BRDA:520,77,1,0
BRDA:521,78,0,0
BRDA:521,78,1,0
BRDA:521,79,0,0
BRDA:521,79,1,0
BRDA:524,80,0,0
BRDA:524,80,1,0
BRDA:526,81,0,0
BRDA:526,81,1,0
BRDA:526,82,0,0
BRDA:526,82,1,0
BRDA:526,82,2,0
BRDA:532,83,0,0
BRDA:532,83,1,0
BRDA:533,84,0,0
BRDA:533,84,1,0
BRDA:535,85,0,0
BRDA:535,85,1,0
BRDA:535,86,0,0
BRDA:535,86,1,0
BRDA:535,86,2,0
BRDA:541,87,0,0
BRDA:541,87,1,0
BRDA:541,88,0,0
BRDA:541,88,1,0
BRDA:544,89,0,0
BRDA:544,89,1,0
BRDA:560,90,0,0
BRDA:560,90,1,0
BRDA:560,91,0,0
BRDA:560,91,1,0
BRDA:581,92,0,0
BRDA:581,92,1,0
BRDA:597,93,0,0
BRDA:597,93,1,0
BRDA:601,94,0,0
BRDA:601,94,1,0
BRDA:603,95,0,0
BRDA:603,95,1,0
BRDA:605,96,0,0
BRDA:605,96,1,0
BRDA:606,97,0,0
BRDA:606,97,1,0
BRDA:611,98,0,0
BRDA:611,98,1,0
BRDA:611,98,2,0
BRDA:615,99,0,0
BRDA:615,99,1,0
BRDA:616,100,0,0
BRDA:616,100,1,0
BRDA:616,101,0,0
BRDA:616,101,1,0
BRDA:616,101,2,0
BRDA:616,101,3,0
BRF:222
BRH:0
end_of_record
TN:
SF:src\components\LocationPermissionModal.js
FN:18,(anonymous_0)
FN:19,(anonymous_1)
FNF:2
FNH:0
FNDA:0,(anonymous_0)
FNDA:0,(anonymous_1)
DA:18,0
DA:19,0
DA:20,0
DA:21,0
DA:23,0
DA:24,0
DA:25,0
DA:26,0
DA:28,0
DA:29,0
DA:32,0
DA:33,0
DA:34,0
DA:38,0
DA:89,0
LF:15
LH:0
BRDA:23,0,0,0
BRDA:23,0,1,0
BRF:2
BRH:0
end_of_record
TN:
SF:src\components\MatchAnimation.DEC02.js
FN:21,(anonymous_0)
FN:28,(anonymous_1)
FN:45,(anonymous_2)
FN:47,(anonymous_3)
FN:57,(anonymous_4)
FN:61,(anonymous_5)
FN:65,(anonymous_6)
FN:69,(anonymous_7)
FN:75,(anonymous_8)
FN:118,(anonymous_9)
FN:130,(anonymous_10)
FN:138,(anonymous_11)
FN:195,(anonymous_12)
FN:249,(anonymous_13)
FN:277,(anonymous_14)
FN:387,(anonymous_15)
FN:407,(anonymous_16)
FN:428,(anonymous_17)
FN:454,(anonymous_18)
FN:478,(anonymous_19)
FN:505,(anonymous_20)
FNF:21
FNH:0
FNDA:0,(anonymous_0)
FNDA:0,(anonymous_1)
FNDA:0,(anonymous_2)
FNDA:0,(anonymous_3)
FNDA:0,(anonymous_4)
FNDA:0,(anonymous_5)
FNDA:0,(anonymous_6)
FNDA:0,(anonymous_7)
FNDA:0,(anonymous_8)
FNDA:0,(anonymous_9)
FNDA:0,(anonymous_10)
FNDA:0,(anonymous_11)
FNDA:0,(anonymous_12)
FNDA:0,(anonymous_13)
FNDA:0,(anonymous_14)
FNDA:0,(anonymous_15)
FNDA:0,(anonymous_16)
FNDA:0,(anonymous_17)
FNDA:0,(anonymous_18)
FNDA:0,(anonymous_19)
FNDA:0,(anonymous_20)
DA:18,0
DA:19,0
DA:21,0
DA:22,0
DA:23,0
DA:24,0
DA:25,0
DA:26,0
DA:27,0
DA:28,0
DA:35,0
DA:38,0
DA:45,0
DA:46,0
DA:47,0
DA:48,0
DA:49,0
DA:55,0
DA:59,0
DA:63,0
DA:67,0
DA:71,0
DA:72,0
DA:73,0
DA:76,0
DA:77,0
DA:80,0
DA:81,0
DA:83,0
DA:84,0
DA:90,0
DA:92,0
DA:93,0
DA:101,0
DA:110,0
DA:120,0
DA:130,0
DA:131,0
DA:133,0
DA:134,0
DA:135,0
DA:136,0
DA:137,0
DA:138,0
DA:139,0
DA:140,0
DA:141,0
DA:142,0
DA:143,0
DA:147,0
DA:179,0
DA:195,0
DA:196,0
DA:197,0
DA:198,0
DA:199,0
DA:200,0
DA:202,0
DA:244,0
DA:245,0
DA:246,0
DA:247,0
DA:248,0
DA:249,0
DA:250,0
DA:251,0
DA:252,0
DA:253,0
DA:254,0
DA:259,0
DA:260,0
DA:262,0
DA:267,0
DA:278,0
DA:283,0
DA:388,0
DA:408,0
DA:409,0
DA:429,0
DA:430,0
DA:455,0
DA:456,0
DA:457,0
DA:459,0
DA:479,0
DA:480,0
DA:483,0
DA:484,0
DA:498,0
DA:500,0
DA:502,0
DA:503,0
DA:504,0
DA:505,0
DA:506,0
DA:521,0
DA:562,0
LF:97
LH:0
BRDA:21,0,0,0
BRDA:38,1,0,0
BRDA:38,1,1,0
BRDA:38,2,0,0
BRDA:38,2,1,0
BRDA:40,3,0,0
BRDA:40,3,1,0
BRDA:46,4,0,0
BRDA:46,4,1,0
BRDA:46,5,0,0
BRDA:46,5,1,0
BRDA:48,6,0,0
BRDA:48,6,1,0
BRDA:63,7,0,0
BRDA:63,7,1,0
BRDA:80,8,0,0
BRDA:80,8,1,0
BRDA:80,9,0,0
BRDA:80,9,1,0
BRDA:81,10,0,0
BRDA:81,10,1,0
BRDA:81,11,0,0
BRDA:81,11,1,0
BRDA:90,12,0,0
BRDA:90,12,1,0
BRDA:90,13,0,0
BRDA:90,13,1,0
BRDA:131,14,0,0
BRDA:131,14,1,0
BRDA:259,15,0,0
BRDA:259,15,1,0
BRDA:260,16,0,0
BRDA:260,16,1,0
BRDA:352,17,0,0
BRDA:352,17,1,0
BRDA:364,18,0,0
BRDA:364,18,1,0
BRDA:373,19,0,0
BRDA:373,19,1,0
BRDA:385,20,0,0
BRDA:385,20,1,0
BRDA:392,21,0,0
BRDA:392,21,1,0
BRDA:400,22,0,0
BRDA:400,22,1,0
BRDA:405,23,0,0
BRDA:405,23,1,0
BRDA:408,24,0,0
BRDA:408,24,1,0
BRDA:417,25,0,0
BRDA:417,25,1,0
BRDA:426,26,0,0
BRDA:426,26,1,0
BRDA:429,27,0,0
BRDA:429,27,1,0
BRDA:438,28,0,0
BRDA:438,28,1,0
BRDA:456,29,0,0
BRDA:456,29,1,0
BRDA:456,30,0,0
BRDA:456,30,1,0
BRDA:479,31,0,0
BRDA:479,31,1,0
BRDA:479,32,0,0
BRDA:479,32,1,0
BRDA:483,33,0,0
BRDA:483,33,1,0
BRDA:503,34,0,0
BRDA:503,34,1,0
BRF:69
BRH:0
end_of_record
TN:
SF:src\components\MatchAnimation.js
FN:21,(anonymous_0)
FN:30,(anonymous_1)
FN:47,(anonymous_2)
FN:49,(anonymous_3)
FN:59,(anonymous_4)
FN:63,(anonymous_5)
FN:67,(anonymous_6)
FN:71,(anonymous_7)
FN:77,(anonymous_8)
FN:120,(anonymous_9)
FN:132,(anonymous_10)
FN:140,(anonymous_11)
FN:197,(anonymous_12)
FN:251,(anonymous_13)
FN:287,(anonymous_14)
FN:397,(anonymous_15)
FN:417,(anonymous_16)
FN:438,(anonymous_17)
FN:464,(anonymous_18)
FN:488,(anonymous_19)
FN:515,(anonymous_20)
FNF:21
FNH:0
FNDA:0,(anonymous_0)
FNDA:0,(anonymous_1)
FNDA:0,(anonymous_2)
FNDA:0,(anonymous_3)
FNDA:0,(anonymous_4)
FNDA:0,(anonymous_5)
FNDA:0,(anonymous_6)
FNDA:0,(anonymous_7)
FNDA:0,(anonymous_8)
FNDA:0,(anonymous_9)
FNDA:0,(anonymous_10)
FNDA:0,(anonymous_11)
FNDA:0,(anonymous_12)
FNDA:0,(anonymous_13)
FNDA:0,(anonymous_14)
FNDA:0,(anonymous_15)
FNDA:0,(anonymous_16)
FNDA:0,(anonymous_17)
FNDA:0,(anonymous_18)
FNDA:0,(anonymous_19)
FNDA:0,(anonymous_20)
DA:18,0
DA:19,0
DA:21,0
DA:24,0
DA:25,0
DA:26,0
DA:27,0
DA:28,0
DA:29,0
DA:30,0
DA:37,0
DA:40,0
DA:47,0
DA:48,0
DA:49,0
DA:50,0
DA:51,0
DA:57,0
DA:61,0
DA:65,0
DA:69,0
DA:73,0
DA:74,0
DA:75,0
DA:78,0
DA:79,0
DA:82,0
DA:83,0
DA:85,0
DA:86,0
DA:92,0
DA:94,0
DA:95,0
DA:103,0
DA:112,0
DA:122,0
DA:132,0
DA:133,0
DA:135,0
DA:136,0
DA:137,0
DA:138,0
DA:139,0
DA:140,0
DA:141,0
DA:142,0
DA:143,0
DA:144,0
DA:145,0
DA:149,0
DA:181,0
DA:197,0
DA:198,0
DA:199,0
DA:200,0
DA:201,0
DA:202,0
DA:204,0
DA:246,0
DA:247,0
DA:248,0
DA:249,0
DA:250,0
DA:251,0
DA:252,0
DA:253,0
DA:254,0
DA:255,0
DA:256,0
DA:262,0
DA:263,0
DA:266,0
DA:267,0
DA:268,0
DA:269,0
DA:272,0
DA:277,0
DA:288,0
DA:293,0
DA:398,0
DA:418,0
DA:419,0
DA:439,0
DA:440,0
DA:465,0
DA:466,0
DA:467,0
DA:469,0
DA:489,0
DA:490,0
DA:493,0
DA:494,0
DA:508,0
DA:510,0
DA:512,0
DA:513,0
DA:514,0
DA:515,0
DA:516,0
DA:531,0
DA:572,0
LF:101
LH:0
BRDA:21,0,0,0
BRDA:40,1,0,0
BRDA:40,1,1,0
BRDA:40,2,0,0
BRDA:40,2,1,0
BRDA:42,3,0,0
BRDA:42,3,1,0
BRDA:48,4,0,0
BRDA:48,4,1,0
BRDA:48,5,0,0
BRDA:48,5,1,0
BRDA:48,5,2,0
BRDA:49,6,0,0
BRDA:49,6,1,0
BRDA:50,7,0,0
BRDA:50,7,1,0
BRDA:65,8,0,0
BRDA:65,8,1,0
BRDA:82,9,0,0
BRDA:82,9,1,0
BRDA:82,10,0,0
BRDA:82,10,1,0
BRDA:83,11,0,0
BRDA:83,11,1,0
BRDA:83,12,0,0
BRDA:83,12,1,0
BRDA:92,13,0,0
BRDA:92,13,1,0
BRDA:92,14,0,0
BRDA:92,14,1,0
BRDA:133,15,0,0
BRDA:133,15,1,0
BRDA:262,16,0,0
BRDA:262,16,1,0
BRDA:262,17,0,0
BRDA:262,17,1,0
BRDA:262,17,2,0
BRDA:266,18,0,0
BRDA:266,18,1,0
BRDA:267,19,0,0
BRDA:267,19,1,0
BRDA:267,20,0,0
BRDA:267,20,1,0
BRDA:362,21,0,0
BRDA:362,21,1,0
BRDA:374,22,0,0
BRDA:374,22,1,0
BRDA:383,23,0,0
BRDA:383,23,1,0
BRDA:395,24,0,0
BRDA:395,24,1,0
BRDA:402,25,0,0
BRDA:402,25,1,0
BRDA:410,26,0,0
BRDA:410,26,1,0
BRDA:415,27,0,0
BRDA:415,27,1,0
BRDA:418,28,0,0
BRDA:418,28,1,0
BRDA:427,29,0,0
BRDA:427,29,1,0
BRDA:436,30,0,0
BRDA:436,30,1,0
BRDA:439,31,0,0
BRDA:439,31,1,0
BRDA:448,32,0,0
BRDA:448,32,1,0
BRDA:466,33,0,0
BRDA:466,33,1,0
BRDA:466,34,0,0
BRDA:466,34,1,0
BRDA:489,35,0,0
BRDA:489,35,1,0
BRDA:489,36,0,0
BRDA:489,36,1,0
BRDA:493,37,0,0
BRDA:493,37,1,0
BRDA:513,38,0,0
BRDA:513,38,1,0
BRF:79
BRH:0
end_of_record
TN:
SF:src\components\MessageSyncIndicator.js
FN:11,(anonymous_0)
FN:17,(anonymous_1)
FN:19,(anonymous_2)
FN:39,(anonymous_3)
FN:41,(anonymous_4)
FN:47,(anonymous_5)
FN:49,(anonymous_6)
FN:58,(anonymous_7)
FN:66,(anonymous_8)
FN:74,(anonymous_9)
FNF:10
FNH:0
FNDA:0,(anonymous_0)
FNDA:0,(anonymous_1)
FNDA:0,(anonymous_2)
FNDA:0,(anonymous_3)
FNDA:0,(anonymous_4)
FNDA:0,(anonymous_5)
FNDA:0,(anonymous_6)
FNDA:0,(anonymous_7)
FNDA:0,(anonymous_8)
FNDA:0,(anonymous_9)
DA:11,0
DA:12,0
DA:13,0
DA:14,0
DA:15,0
DA:17,0
DA:19,0
DA:20,0
DA:22,0
DA:24,0
DA:25,0
DA:26,0
DA:27,0
DA:28,0
DA:31,0
DA:32,0
DA:33,0
DA:36,0
DA:37,0
DA:39,0
DA:40,0
DA:41,0
DA:43,0
DA:46,0
DA:47,0
DA:48,0
DA:49,0
DA:51,0
DA:55,0
DA:58,0
DA:59,0
DA:66,0
DA:67,0
DA:74,0
DA:75,0
DA:77,0
DA:84,0
DA:91,0
DA:98,0
DA:102,0
DA:103,0
DA:105,0
DA:149,0
LF:43
LH:0
BRDA:20,0,0,0
BRDA:20,0,1,0
BRDA:20,1,0,0
BRDA:20,1,1,0
BRDA:22,2,0,0
BRDA:22,2,1,0
BRDA:22,2,2,0
BRDA:22,2,3,0
BRDA:31,3,0,0
BRDA:31,3,1,0
BRDA:32,4,0,0
BRDA:32,4,1,0
BRDA:37,5,0,0
BRDA:37,5,1,0
BRDA:75,6,0,0
BRDA:75,6,1,0
BRDA:75,6,2,0
BRDA:75,6,3,0
BRDA:103,7,0,0
BRDA:103,7,1,0
BRDA:126,8,0,0
BRDA:126,8,1,0
BRDA:132,9,0,0
BRDA:132,9,1,0
BRF:24
BRH:0
end_of_record
TN:
SF:src\components\OfflineIndicator.js
FN:13,(anonymous_0)
FN:19,(anonymous_1)
FN:21,(anonymous_2)
FN:34,(anonymous_3)
FN:46,(anonymous_4)
FN:51,(anonymous_5)
FN:56,(anonymous_6)
FN:70,(anonymous_7)
FN:84,(anonymous_8)
FN:90,(anonymous_9)
FN:111,(anonymous_10)
FN:127,(anonymous_11)
FNF:12
FNH:0
FNDA:0,(anonymous_0)
FNDA:0,(anonymous_1)
FNDA:0,(anonymous_2)
FNDA:0,(anonymous_3)
FNDA:0,(anonymous_4)
FNDA:0,(anonymous_5)
FNDA:0,(anonymous_6)
FNDA:0,(anonymous_7)
FNDA:0,(anonymous_8)
FNDA:0,(anonymous_9)
FNDA:0,(anonymous_10)
FNDA:0,(anonymous_11)
DA:13,0
DA:14,0
DA:15,0
DA:16,0
DA:17,0
DA:19,0
DA:21,0
DA:22,0
DA:24,0
DA:26,0
DA:31,0
DA:34,0
DA:35,0
DA:36,0
DA:37,0
DA:39,0
DA:43,0
DA:46,0
DA:51,0
DA:53,0
DA:56,0
DA:57,0
DA:59,0
DA:60,0
DA:62,0
DA:64,0
DA:66,0
DA:67,0
DA:70,0
DA:71,0
DA:75,0
DA:76,0
DA:78,0
DA:84,0
DA:85,0
DA:90,0
DA:91,0
DA:92,0
DA:97,0
DA:98,0
DA:107,0
DA:111,0
DA:112,0
DA:113,0
DA:116,0
DA:117,0
DA:120,0
DA:121,0
DA:124,0
DA:127,0
DA:128,0
DA:129,0
DA:132,0
DA:133,0
DA:136,0
DA:137,0
DA:140,0
DA:143,0
DA:145,0
DA:186,0
LF:60
LH:0
BRDA:57,0,0,0
BRDA:57,0,1,0
BRDA:57,1,0,0
BRDA:57,1,1,0
BRDA:91,2,0,0
BRDA:91,2,1,0
BRDA:97,3,0,0
BRDA:97,3,1,0
BRDA:112,4,0,0
BRDA:112,4,1,0
BRDA:116,5,0,0
BRDA:116,5,1,0
BRDA:120,6,0,0
BRDA:120,6,1,0
BRDA:128,7,0,0
BRDA:128,7,1,0
BRDA:132,8,0,0
BRDA:132,8,1,0
BRDA:136,9,0,0
BRDA:136,9,1,0
BRDA:153,10,0,0
BRDA:153,10,1,0
BRDA:156,11,0,0
BRDA:156,11,1,0
BRDA:162,12,0,0
BRDA:162,12,1,0
BRDA:169,13,0,0
BRDA:169,13,1,0
BRDA:169,13,2,0
BRDA:172,14,0,0
BRDA:172,14,1,0
BRF:31
BRH:0
end_of_record
TN:
SF:src\components\OfflineModeIndicator.js
FN:13,(anonymous_0)
FN:17,(anonymous_1)
FN:40,(anonymous_2)
FNF:3
FNH:0
FNDA:0,(anonymous_0)
FNDA:0,(anonymous_1)
FNDA:0,(anonymous_2)
DA:13,0
DA:14,0
DA:15,0
DA:17,0
DA:18,0
DA:20,0
DA:27,0
DA:36,0
DA:37,0
DA:40,0
DA:41,0
DA:42,0
DA:50,0
DA:51,0
DA:59,0
DA:67,0
DA:69,0
DA:82,0
LF:18
LH:0
BRDA:18,0,0,0
BRDA:18,0,1,0
BRDA:18,1,0,0
BRDA:18,1,1,0
BRDA:36,2,0,0
BRDA:36,2,1,0
BRDA:36,3,0,0
BRDA:36,3,1,0
BRDA:41,4,0,0
BRDA:41,4,1,0
BRDA:50,5,0,0
BRDA:50,5,1,0
BRF:12
BRH:0
end_of_record
TN:
SF:src\components\ProfileDebug.js
FN:4,(anonymous_0)
FNF:1
FNH:0
FNDA:0,(anonymous_0)
DA:4,0
DA:5,0
DA:6,0
DA:13,0
DA:45,0
LF:5
LH:0
BRDA:5,0,0,0
BRDA:5,0,1,0
BRF:2
BRH:0
end_of_record
TN:
SF:src\components\RealtimeConnectionIndicator.js
FN:11,(anonymous_0)
FN:16,(anonymous_1)
FN:18,(anonymous_2)
FN:39,(anonymous_3)
FN:54,(anonymous_4)
FN:58,(anonymous_5)
FN:71,(anonymous_6)
FN:84,(anonymous_7)
FN:92,(anonymous_8)
FNF:9
FNH:0
FNDA:0,(anonymous_0)
FNDA:0,(anonymous_1)
FNDA:0,(anonymous_2)
FNDA:0,(anonymous_3)
FNDA:0,(anonymous_4)
FNDA:0,(anonymous_5)
FNDA:0,(anonymous_6)
FNDA:0,(anonymous_7)
FNDA:0,(anonymous_8)
DA:11,0
DA:12,0
DA:13,0
DA:14,0
DA:16,0
DA:18,0
DA:19,0
DA:21,0
DA:22,0
DA:23,0
DA:25,0
DA:26,0
DA:28,0
DA:30,0
DA:32,0
DA:33,0
DA:35,0
DA:39,0
DA:43,0
DA:48,0
DA:49,0
DA:51,0
DA:54,0
DA:55,0
DA:58,0
DA:59,0
DA:61,0
DA:63,0
DA:65,0
DA:67,0
DA:71,0
DA:72,0
DA:74,0
DA:76,0
DA:78,0
DA:80,0
DA:84,0
DA:85,0
DA:86,0
DA:88,0
DA:92,0
DA:93,0
DA:95,0
DA:96,0
DA:97,0
DA:99,0
DA:100,0
DA:101,0
DA:104,0
DA:106,0
DA:147,0
LF:51
LH:0
BRDA:19,0,0,0
BRDA:19,0,1,0
BRDA:19,0,2,0
BRDA:19,0,3,0
BRDA:26,1,0,0
BRDA:26,1,1,0
BRDA:59,2,0,0
BRDA:59,2,1,0
BRDA:59,2,2,0
BRDA:59,2,3,0
BRDA:72,3,0,0
BRDA:72,3,1,0
BRDA:72,3,2,0
BRDA:72,3,3,0
BRDA:85,4,0,0
BRDA:85,4,1,0
BRDA:85,5,0,0
BRDA:85,5,1,0
BRDA:93,6,0,0
BRDA:93,6,1,0
BRDA:99,7,0,0
BRDA:99,7,1,0
BRDA:100,8,0,0
BRDA:100,8,1,0
BRDA:114,9,0,0
BRDA:114,9,1,0
BRDA:117,10,0,0
BRDA:117,10,1,0
BRDA:123,11,0,0
BRDA:123,11,1,0
BRDA:123,11,2,0
BRDA:128,12,0,0
BRDA:128,12,1,0
BRDA:128,12,2,0
BRDA:136,13,0,0
BRDA:136,13,1,0
BRF:36
BRH:0
end_of_record
TN:
SF:src\components\SafetyCheckIn.js
FN:14,(anonymous_0)
FN:26,(anonymous_1)
FN:39,(anonymous_2)
FN:48,(anonymous_3)
FN:52,(anonymous_4)
FN:86,(anonymous_5)
FN:93,(anonymous_6)
FNF:7
FNH:0
FNDA:0,(anonymous_0)
FNDA:0,(anonymous_1)
FNDA:0,(anonymous_2)
FNDA:0,(anonymous_3)
FNDA:0,(anonymous_4)
FNDA:0,(anonymous_5)
FNDA:0,(anonymous_6)
DA:14,0
DA:15,0
DA:16,0
DA:17,0
DA:18,0
DA:20,0
DA:26,0
DA:27,0
DA:28,0
DA:29,0
DA:32,0
DA:33,0
DA:41,0
DA:48,0
DA:49,0
DA:52,0
DA:56,0
DA:87,0
DA:93,0
DA:160,0
LF:20
LH:0
BRDA:27,0,0,0
BRDA:27,0,1,0
BRDA:27,1,0,0
BRDA:27,1,1,0
BRDA:27,1,2,0
BRDA:76,2,0,0
BRDA:76,2,1,0
BRDA:91,3,0,0
BRDA:91,3,1,0
BRDA:100,4,0,0
BRDA:100,4,1,0
BRDA:125,5,0,0
BRDA:125,5,1,0
BRDA:128,6,0,0
BRDA:128,6,1,0
BRDA:132,7,0,0
BRDA:132,7,1,0
BRDA:137,8,0,0
BRDA:137,8,1,0
BRDA:142,9,0,0
BRDA:142,9,1,0
BRF:21
BRH:0
end_of_record
TN:
SF:src\components\ScreenErrorBoundary.js
FN:11,(anonymous_0)
FN:20,(anonymous_1)
FN:24,(anonymous_2)
FN:41,(anonymous_3)
FN:53,(anonymous_4)
FN:59,(anonymous_5)
FNF:6
FNH:0
FNDA:0,(anonymous_0)
FNDA:0,(anonymous_1)
FNDA:0,(anonymous_2)
FNDA:0,(anonymous_3)
FNDA:0,(anonymous_4)
FNDA:0,(anonymous_5)
DA:12,0
DA:13,0
DA:21,0
DA:25,0
DA:30,0
DA:35,0
DA:41,0
DA:42,0
DA:48,0
DA:49,0
DA:53,0
DA:54,0
DA:55,0
DA:60,0
DA:61,0
DA:103,0
DA:107,0
LF:17
LH:0
BRDA:48,0,0,0
BRDA:48,0,1,0
BRDA:54,1,0,0
BRDA:54,1,1,0
BRDA:60,2,0,0
BRDA:60,2,1,0
BRDA:67,3,0,0
BRDA:67,3,1,0
BRDA:70,4,0,0
BRDA:70,4,1,0
BRDA:70,4,2,0
BRDA:87,5,0,0
BRDA:87,5,1,0
BRF:13
BRH:0
end_of_record
TN:
SF:src\components\SessionTimeoutWarning.js
FN:12,(anonymous_0)
FN:20,(anonymous_1)
FN:26,(anonymous_2)
FN:27,(anonymous_3)
FN:37,(anonymous_4)
FN:40,(anonymous_5)
FNF:6
FNH:0
FNDA:0,(anonymous_0)
FNDA:0,(anonymous_1)
FNDA:0,(anonymous_2)
FNDA:0,(anonymous_3)
FNDA:0,(anonymous_4)
FNDA:0,(anonymous_5)
DA:12,0
DA:18,0
DA:20,0
DA:21,0
DA:22,0
DA:23,0
DA:26,0
DA:27,0
DA:28,0
DA:29,0
DA:30,0
DA:31,0
DA:33,0
DA:37,0
DA:40,0
DA:41,0
DA:42,0
DA:43,0
DA:46,0
DA:96,0
LF:20
LH:0
BRDA:16,0,0,0
BRDA:21,1,0,0
BRDA:21,1,1,0
BRDA:28,2,0,0
BRDA:28,2,1,0
BRF:5
BRH:0
end_of_record
TN:
SF:src\components\StoryCircle.js
FN:5,(anonymous_0)
FNF:1
FNH:0
FNDA:0,(anonymous_0)
DA:5,0
DA:6,0
DA:36,0
LF:3
LH:0
BRDA:5,0,0,0
BRDA:5,1,0,0
BRDA:8,2,0,0
BRDA:8,2,1,0
BRDA:9,3,0,0
BRDA:9,3,1,0
BRDA:26,4,0,0
BRDA:26,4,1,0
BRF:8
BRH:0
end_of_record
TN:
SF:src\components\StoryViewer.js
FN:19,(anonymous_0)
FN:30,(anonymous_1)
FN:37,(anonymous_2)
FN:50,(anonymous_3)
FN:56,(anonymous_4)
FN:63,(anonymous_5)
FN:74,(anonymous_6)
FN:84,(anonymous_7)
FN:112,(anonymous_8)
FN:142,(anonymous_9)
FN:169,(anonymous_10)
FN:174,(anonymous_11)
FN:181,(anonymous_12)
FN:187,(anonymous_13)
FN:193,(anonymous_14)
FNF:15
FNH:0
FNDA:0,(anonymous_0)
FNDA:0,(anonymous_1)
FNDA:0,(anonymous_2)
FNDA:0,(anonymous_3)
FNDA:0,(anonymous_4)
FNDA:0,(anonymous_5)
FNDA:0,(anonymous_6)
FNDA:0,(anonymous_7)
FNDA:0,(anonymous_8)
FNDA:0,(anonymous_9)
FNDA:0,(anonymous_10)
FNDA:0,(anonymous_11)
FNDA:0,(anonymous_12)
FNDA:0,(anonymous_13)
FNDA:0,(anonymous_14)
DA:17,0
DA:19,0
DA:20,0
DA:21,0
DA:22,0
DA:23,0
DA:24,0
DA:26,0
DA:27,0
DA:30,0
DA:31,0
DA:32,0
DA:33,0
DA:37,0
DA:38,0
DA:41,0
DA:44,0
DA:50,0
DA:51,0
DA:52,0
DA:56,0
DA:57,0
DA:58,0
DA:63,0
DA:64,0
DA:65,0
DA:66,0
DA:67,0
DA:68,0
DA:70,0
DA:74,0
DA:75,0
DA:76,0
DA:77,0
DA:78,0
DA:79,0
DA:80,0
DA:84,0
DA:85,0
DA:86,0
DA:87,0
DA:89,0
DA:93,0
DA:95,0
DA:113,0
DA:143,0
DA:144,0
DA:169,0
DA:174,0
DA:181,0
DA:187,0
DA:193,0
DA:203,0
LF:53
LH:0
BRDA:19,0,0,0
BRDA:31,1,0,0
BRDA:31,1,1,0
BRDA:38,2,0,0
BRDA:38,2,1,0
BRDA:38,3,0,0
BRDA:38,3,1,0
BRDA:51,4,0,0
BRDA:51,4,1,0
BRDA:57,5,0,0
BRDA:57,5,1,0
BRDA:64,6,0,0
BRDA:64,6,1,0
BRDA:66,7,0,0
BRDA:66,7,1,0
BRDA:75,8,0,0
BRDA:75,8,1,0
BRDA:77,9,0,0
BRDA:77,9,1,0
BRDA:86,10,0,0
BRDA:86,10,1,0
BRDA:93,11,0,0
BRDA:93,11,1,0
BRDA:93,12,0,0
BRDA:93,12,1,0
BRDA:93,12,2,0
BRDA:117,13,0,0
BRDA:117,13,1,0
BRDA:120,14,0,0
BRDA:120,14,1,0
BRDA:144,15,0,0
BRDA:144,15,1,0
BRDA:159,16,0,0
BRDA:159,16,1,0
BRF:34
BRH:0
end_of_record
TN:
SF:src\components\SwipeButtons.js
FN:18,(anonymous_0)
FN:30,(anonymous_1)
FN:48,(anonymous_2)
FN:62,(anonymous_3)
FN:74,(anonymous_4)
FN:91,(anonymous_5)
FN:103,(anonymous_6)
FNF:7
FNH:0
FNDA:0,(anonymous_0)
FNDA:0,(anonymous_1)
FNDA:0,(anonymous_2)
FNDA:0,(anonymous_3)
FNDA:0,(anonymous_4)
FNDA:0,(anonymous_5)
FNDA:0,(anonymous_6)
DA:18,0
DA:28,0
DA:30,0
DA:31,0
DA:40,0
DA:43,0
DA:48,0
DA:62,0
DA:74,0
DA:91,0
DA:103,0
DA:113,0
LF:12
LH:0
BRDA:24,0,0,0
BRDA:25,1,0,0
BRDA:26,2,0,0
BRDA:28,3,0,0
BRDA:28,3,1,0
BRDA:31,4,0,0
BRDA:31,4,1,0
BRDA:40,5,0,0
BRDA:40,5,1,0
BRDA:47,6,0,0
BRDA:47,6,1,0
BRDA:49,7,0,0
BRDA:49,7,1,0
BRDA:55,8,0,0
BRDA:55,8,1,0
BRDA:61,9,0,0
BRDA:61,9,1,0
BRDA:73,10,0,0
BRDA:73,10,1,0
BRDA:90,11,0,0
BRDA:90,11,1,0
BRDA:102,12,0,0
BRDA:102,12,1,0
BRF:23
BRH:0
end_of_record
TN:
SF:src\components\SwipeCard.DEC02.js
FN:10,(anonymous_0)
FN:25,(anonymous_1)
FN:37,(anonymous_2)
FN:48,(anonymous_3)
FN:62,(anonymous_4)
FN:63,(anonymous_5)
FN:70,(anonymous_6)
FN:75,(anonymous_7)
FN:80,(anonymous_8)
FN:81,(anonymous_9)
FN:83,(anonymous_10)
FN:88,(anonymous_11)
FN:90,(anonymous_12)
FN:95,(anonymous_13)
FN:98,(anonymous_14)
FN:108,(anonymous_15)
FN:112,(anonymous_16)
FN:116,(anonymous_17)
FN:120,(anonymous_18)
FN:138,(anonymous_19)
FN:149,(anonymous_20)
FN:156,(anonymous_21)
FN:164,(anonymous_22)
FN:317,(anonymous_23)
FNF:24
FNH:0
FNDA:0,(anonymous_0)
FNDA:0,(anonymous_1)
FNDA:0,(anonymous_2)
FNDA:0,(anonymous_3)
FNDA:0,(anonymous_4)
FNDA:0,(anonymous_5)
FNDA:0,(anonymous_6)
FNDA:0,(anonymous_7)
FNDA:0,(anonymous_8)
FNDA:0,(anonymous_9)
FNDA:0,(anonymous_10)
FNDA:0,(anonymous_11)
FNDA:0,(anonymous_12)
FNDA:0,(anonymous_13)
FNDA:0,(anonymous_14)
FNDA:0,(anonymous_15)
FNDA:0,(anonymous_16)
FNDA:0,(anonymous_17)
FNDA:0,(anonymous_18)
FNDA:0,(anonymous_19)
FNDA:0,(anonymous_20)
FNDA:0,(anonymous_21)
FNDA:0,(anonymous_22)
FNDA:0,(anonymous_23)
DA:7,0
DA:8,0
DA:10,0
DA:11,0
DA:12,0
DA:13,0
DA:14,0
DA:15,0
DA:16,0
DA:18,0
DA:19,0
DA:20,0
DA:21,0
DA:22,0
DA:25,0
DA:26,0
DA:27,0
DA:28,0
DA:29,0
DA:30,0
DA:32,0
DA:33,0
DA:34,0
DA:37,0
DA:38,0
DA:39,0
DA:40,0
DA:41,0
DA:42,0
DA:43,0
DA:44,0
DA:45,0
DA:48,0
DA:49,0
DA:50,0
DA:51,0
DA:52,0
DA:53,0
DA:54,0
DA:57,0
DA:62,0
DA:63,0
DA:64,0
DA:65,0
DA:70,0
DA:71,0
DA:72,0
DA:73,0
DA:75,0
DA:76,0
DA:80,0
DA:82,0
DA:83,0
DA:84,0
DA:85,0
DA:89,0
DA:90,0
DA:91,0
DA:92,0
DA:96,0
DA:97,0
DA:98,0
DA:99,0
DA:100,0
DA:101,0
DA:106,0
DA:109,0
DA:110,0
DA:113,0
DA:114,0
DA:117,0
DA:118,0
DA:121,0
DA:122,0
DA:124,0
DA:125,0
DA:126,0
DA:127,0
DA:128,0
DA:129,0
DA:130,0
DA:131,0
DA:133,0
DA:134,0
DA:135,0
DA:139,0
DA:140,0
DA:143,0
DA:145,0
DA:147,0
DA:148,0
DA:149,0
DA:150,0
DA:151,0
DA:152,0
DA:154,0
DA:155,0
DA:156,0
DA:157,0
DA:158,0
DA:159,0
DA:161,0
DA:162,0
DA:163,0
DA:164,0
DA:165,0
DA:166,0
DA:167,0
DA:170,0
DA:171,0
DA:172,0
DA:176,0
DA:177,0
DA:179,0
DA:181,0
DA:182,0
DA:183,0
DA:184,0
DA:187,0
DA:191,0
DA:192,0
DA:193,0
DA:199,0
DA:200,0
DA:201,0
DA:202,0
DA:204,0
DA:318,0
DA:319,0
DA:320,0
DA:336,0
LF:131
LH:0
BRDA:11,0,0,0
BRDA:11,0,1,0
BRDA:18,1,0,0
BRDA:18,1,1,0
BRDA:19,2,0,0
BRDA:19,2,1,0
BRDA:20,3,0,0
BRDA:20,3,1,0
BRDA:21,4,0,0
BRDA:21,4,1,0
BRDA:26,5,0,0
BRDA:26,5,1,0
BRDA:32,6,0,0
BRDA:32,6,1,0
BRDA:33,7,0,0
BRDA:33,7,1,0
BRDA:37,8,0,0
BRDA:57,9,0,0
BRDA:57,9,1,0
BRDA:64,10,0,0
BRDA:64,10,1,0
BRDA:72,11,0,0
BRDA:72,11,1,0
BRDA:124,12,0,0
BRDA:124,12,1,0
BRDA:128,13,0,0
BRDA:128,13,1,0
BRDA:143,14,0,0
BRDA:143,14,1,0
BRDA:145,15,0,0
BRDA:145,15,1,0
BRDA:147,16,0,0
BRDA:147,16,1,0
BRDA:154,17,0,0
BRDA:154,17,1,0
BRDA:161,18,0,0
BRDA:161,18,1,0
BRDA:161,19,0,0
BRDA:161,19,1,0
BRDA:179,20,0,0
BRDA:179,20,1,0
BRDA:179,21,0,0
BRDA:179,21,1,0
BRDA:182,22,0,0
BRDA:182,22,1,0
BRDA:200,23,0,0
BRDA:200,23,1,0
BRDA:201,24,0,0
BRDA:201,24,1,0
BRDA:202,25,0,0
BRDA:202,25,1,0
BRDA:208,26,0,0
BRDA:208,26,1,0
BRDA:213,27,0,0
BRDA:213,27,1,0
BRDA:222,28,0,0
BRDA:222,28,1,0
BRDA:228,29,0,0
BRDA:228,29,1,0
BRDA:228,29,2,0
BRDA:240,30,0,0
BRDA:240,30,1,0
BRDA:246,31,0,0
BRDA:246,31,1,0
BRDA:252,32,0,0
BRDA:252,32,1,0
BRDA:266,33,0,0
BRDA:266,33,1,0
BRDA:274,34,0,0
BRDA:274,34,1,0
BRDA:274,35,0,0
BRDA:274,35,1,0
BRDA:276,36,0,0
BRDA:276,36,1,0
BRDA:285,37,0,0
BRDA:285,37,1,0
BRDA:289,38,0,0
BRDA:289,38,1,0
BRDA:290,39,0,0
BRDA:290,39,1,0
BRDA:300,40,0,0
BRDA:300,40,1,0
BRDA:304,41,0,0
BRDA:304,41,1,0
BRDA:304,41,2,0
BRDA:314,42,0,0
BRDA:314,42,1,0
BRDA:319,43,0,0
BRDA:319,43,1,0
BRF:89
BRH:0
end_of_record
TN:
SF:src\components\SwipeCard.js
FN:10,(anonymous_0)
FN:25,(anonymous_1)
FN:37,(anonymous_2)
FN:50,(anonymous_3)
FN:65,(anonymous_4)
FN:66,(anonymous_5)
FN:73,(anonymous_6)
FN:78,(anonymous_7)
FN:83,(anonymous_8)
FN:84,(anonymous_9)
FN:86,(anonymous_10)
FN:91,(anonymous_11)
FN:93,(anonymous_12)
FN:98,(anonymous_13)
FN:101,(anonymous_14)
FN:109,(anonymous_15)
FN:111,(anonymous_16)
FN:112,(anonymous_17)
FN:113,(anonymous_18)
FN:116,(anonymous_19)
FN:134,(anonymous_20)
FN:145,(anonymous_21)
FN:152,(anonymous_22)
FN:160,(anonymous_23)
FN:192,(anonymous_24)
FN:198,(anonymous_25)
FN:206,(anonymous_26)
FN:262,(anonymous_27)
FN:375,(anonymous_28)
FNF:29
FNH:0
FNDA:0,(anonymous_0)
FNDA:0,(anonymous_1)
FNDA:0,(anonymous_2)
FNDA:0,(anonymous_3)
FNDA:0,(anonymous_4)
FNDA:0,(anonymous_5)
FNDA:0,(anonymous_6)
FNDA:0,(anonymous_7)
FNDA:0,(anonymous_8)
FNDA:0,(anonymous_9)
FNDA:0,(anonymous_10)
FNDA:0,(anonymous_11)
FNDA:0,(anonymous_12)
FNDA:0,(anonymous_13)
FNDA:0,(anonymous_14)
FNDA:0,(anonymous_15)
FNDA:0,(anonymous_16)
FNDA:0,(anonymous_17)
FNDA:0,(anonymous_18)
FNDA:0,(anonymous_19)
FNDA:0,(anonymous_20)
FNDA:0,(anonymous_21)
FNDA:0,(anonymous_22)
FNDA:0,(anonymous_23)
FNDA:0,(anonymous_24)
FNDA:0,(anonymous_25)
FNDA:0,(anonymous_26)
FNDA:0,(anonymous_27)
FNDA:0,(anonymous_28)
DA:7,0
DA:8,0
DA:10,0
DA:11,0
DA:12,0
DA:13,0
DA:14,0
DA:15,0
DA:16,0
DA:18,0
DA:19,0
DA:20,0
DA:21,0
DA:22,0
DA:25,0
DA:26,0
DA:27,0
DA:28,0
DA:29,0
DA:30,0
DA:32,0
DA:33,0
DA:34,0
DA:37,0
DA:38,0
DA:39,0
DA:40,0
DA:41,0
DA:42,0
DA:43,0
DA:44,0
DA:45,0
DA:46,0
DA:50,0
DA:51,0
DA:52,0
DA:54,0
DA:55,0
DA:57,0
DA:60,0
DA:65,0
DA:66,0
DA:67,0
DA:68,0
DA:73,0
DA:74,0
DA:75,0
DA:76,0
DA:78,0
DA:79,0
DA:83,0
DA:85,0
DA:86,0
DA:87,0
DA:88,0
DA:92,0
DA:93,0
DA:94,0
DA:95,0
DA:99,0
DA:100,0
DA:101,0
DA:102,0
DA:103,0
DA:104,0
DA:109,0
DA:110,0
DA:111,0
DA:112,0
DA:114,0
DA:117,0
DA:118,0
DA:120,0
DA:121,0
DA:122,0
DA:123,0
DA:124,0
DA:125,0
DA:126,0
DA:127,0
DA:129,0
DA:130,0
DA:131,0
DA:135,0
DA:136,0
DA:139,0
DA:141,0
DA:143,0
DA:144,0
DA:145,0
DA:146,0
DA:147,0
DA:148,0
DA:150,0
DA:151,0
DA:152,0
DA:153,0
DA:154,0
DA:155,0
DA:157,0
DA:158,0
DA:159,0
DA:160,0
DA:161,0
DA:162,0
DA:163,0
DA:166,0
DA:167,0
DA:168,0
DA:172,0
DA:173,0
DA:174,0
DA:175,0
DA:177,0
DA:179,0
DA:180,0
DA:181,0
DA:182,0
DA:186,0
DA:188,0
DA:190,0
DA:192,0
DA:193,0
DA:195,0
DA:198,0
DA:199,0
DA:201,0
DA:205,0
DA:206,0
DA:207,0
DA:208,0
DA:209,0
DA:210,0
DA:211,0
DA:219,0
DA:220,0
DA:221,0
DA:226,0
DA:227,0
DA:228,0
DA:229,0
DA:231,0
DA:263,0
DA:376,0
DA:377,0
DA:378,0
DA:394,0
LF:147
LH:0
BRDA:11,0,0,0
BRDA:11,0,1,0
BRDA:18,1,0,0
BRDA:18,1,1,0
BRDA:19,2,0,0
BRDA:19,2,1,0
BRDA:20,3,0,0
BRDA:20,3,1,0
BRDA:21,4,0,0
BRDA:21,4,1,0
BRDA:26,5,0,0
BRDA:26,5,1,0
BRDA:32,6,0,0
BRDA:32,6,1,0
BRDA:33,7,0,0
BRDA:33,7,1,0
BRDA:37,8,0,0
BRDA:51,9,0,0
BRDA:51,9,1,0
BRDA:51,10,0,0
BRDA:51,10,1,0
BRDA:54,11,0,0
BRDA:54,11,1,0
BRDA:54,12,0,0
BRDA:54,12,1,0
BRDA:55,13,0,0
BRDA:55,13,1,0
BRDA:60,14,0,0
BRDA:60,14,1,0
BRDA:67,15,0,0
BRDA:67,15,1,0
BRDA:75,16,0,0
BRDA:75,16,1,0
BRDA:120,17,0,0
BRDA:120,17,1,0
BRDA:124,18,0,0
BRDA:124,18,1,0
BRDA:139,19,0,0
BRDA:139,19,1,0
BRDA:141,20,0,0
BRDA:141,20,1,0
BRDA:143,21,0,0
BRDA:143,21,1,0
BRDA:150,22,0,0
BRDA:150,22,1,0
BRDA:157,23,0,0
BRDA:157,23,1,0
BRDA:157,24,0,0
BRDA:157,24,1,0
BRDA:177,25,0,0
BRDA:177,25,1,0
BRDA:177,26,0,0
BRDA:177,26,1,0
BRDA:180,27,0,0
BRDA:180,27,1,0
BRDA:186,28,0,0
BRDA:186,28,1,0
BRDA:186,29,0,0
BRDA:186,29,1,0
BRDA:187,30,0,0
BRDA:187,30,1,0
BRDA:187,31,0,0
BRDA:187,31,1,0
BRDA:187,32,0,0
BRDA:187,32,1,0
BRDA:188,33,0,0
BRDA:188,33,1,0
BRDA:190,34,0,0
BRDA:190,34,1,0
BRDA:193,35,0,0
BRDA:193,35,1,0
BRDA:199,36,0,0
BRDA:199,36,1,0
BRDA:207,37,0,0
BRDA:207,37,1,0
BRDA:209,38,0,0
BRDA:209,38,1,0
BRDA:227,39,0,0
BRDA:227,39,1,0
BRDA:228,40,0,0
BRDA:228,40,1,0
BRDA:229,41,0,0
BRDA:229,41,1,0
BRDA:235,42,0,0
BRDA:235,42,1,0
BRDA:240,43,0,0
BRDA:240,43,1,0
BRDA:249,44,0,0
BRDA:249,44,1,0
BRDA:254,45,0,0
BRDA:254,45,1,0
BRDA:260,46,0,0
BRDA:260,46,1,0
BRDA:267,47,0,0
BRDA:267,47,1,0
BRDA:275,48,0,0
BRDA:275,48,1,0
BRDA:286,49,0,0
BRDA:286,49,1,0
BRDA:286,49,2,0
BRDA:298,50,0,0
BRDA:298,50,1,0
BRDA:304,51,0,0
BRDA:304,51,1,0
BRDA:310,52,0,0
BRDA:310,52,1,0
BRDA:324,53,0,0
BRDA:324,53,1,0
BRDA:332,54,0,0
BRDA:332,54,1,0
BRDA:332,55,0,0
BRDA:332,55,1,0
BRDA:334,56,0,0
BRDA:334,56,1,0
BRDA:343,57,0,0
BRDA:343,57,1,0
BRDA:347,58,0,0
BRDA:347,58,1,0
BRDA:348,59,0,0
BRDA:348,59,1,0
BRDA:358,60,0,0
BRDA:358,60,1,0
BRDA:362,61,0,0
BRDA:362,61,1,0
BRDA:362,61,2,0
BRDA:372,62,0,0
BRDA:372,62,1,0
BRDA:377,63,0,0
BRDA:377,63,1,0
BRF:129
BRH:0
end_of_record
TN:
SF:src\components\VerificationBadge.js
FN:15,(anonymous_0)
FNF:1
FNH:0
FNDA:0,(anonymous_0)
DA:15,0
DA:21,0
DA:23,0
DA:34,0
LF:4
LH:0
BRDA:16,0,0,0
BRDA:17,1,0,0
BRDA:18,2,0,0
BRDA:21,3,0,0
BRDA:21,3,1,0
BRF:5
BRH:0
end_of_record
TN:
SF:src\components\VideoMessage.js
FN:16,(anonymous_0)
FN:20,(anonymous_1)
FN:32,(anonymous_2)
FNF:3
FNH:0
FNDA:0,(anonymous_0)
FNDA:0,(anonymous_1)
FNDA:0,(anonymous_2)
DA:13,0
DA:14,0
DA:16,0
DA:17,0
DA:18,0
DA:20,0
DA:21,0
DA:22,0
DA:23,0
DA:25,0
DA:27,0
DA:28,0
DA:32,0
DA:33,0
DA:34,0
DA:35,0
DA:38,0
DA:90,0
LF:18
LH:0
BRDA:16,0,0,0
BRDA:21,1,0,0
BRDA:21,1,1,0
BRDA:22,2,0,0
BRDA:22,2,1,0
BRDA:28,3,0,0
BRDA:28,3,1,0
BRDA:39,4,0,0
BRDA:39,4,1,0
BRDA:45,5,0,0
BRDA:45,5,1,0
BRDA:54,6,0,0
BRDA:54,6,1,0
BRDA:54,6,2,0
BRDA:68,7,0,0
BRDA:68,7,1,0
BRF:16
BRH:0
end_of_record
TN:
SF:src\components\VideoProfile.js
FN:27,(anonymous_0)
FN:41,(anonymous_1)
FN:42,(anonymous_2)
FN:51,(anonymous_3)
FN:106,(anonymous_4)
FN:107,(anonymous_5)
FN:110,(anonymous_6)
FN:126,(anonymous_7)
FN:167,(anonymous_8)
FN:185,(anonymous_9)
FN:202,(anonymous_10)
FN:209,(anonymous_11)
FN:218,(anonymous_12)
FN:230,(anonymous_13)
FN:271,(anonymous_14)
FN:279,(anonymous_15)
FN:287,(anonymous_16)
FN:289,(anonymous_17)
FN:297,(anonymous_18)
FN:298,(anonymous_19)
FN:307,(anonymous_20)
FN:336,(anonymous_21)
FN:337,(anonymous_22)
FN:352,(anonymous_23)
FN:373,(anonymous_24)
FN:395,(anonymous_25)
FN:412,(anonymous_26)
FN:451,(anonymous_27)
FN:493,(anonymous_28)
FN:510,(anonymous_29)
FN:525,(anonymous_30)
FNF:31
FNH:0
FNDA:0,(anonymous_0)
FNDA:0,(anonymous_1)
FNDA:0,(anonymous_2)
FNDA:0,(anonymous_3)
FNDA:0,(anonymous_4)
FNDA:0,(anonymous_5)
FNDA:0,(anonymous_6)
FNDA:0,(anonymous_7)
FNDA:0,(anonymous_8)
FNDA:0,(anonymous_9)
FNDA:0,(anonymous_10)
FNDA:0,(anonymous_11)
FNDA:0,(anonymous_12)
FNDA:0,(anonymous_13)
FNDA:0,(anonymous_14)
FNDA:0,(anonymous_15)
FNDA:0,(anonymous_16)
FNDA:0,(anonymous_17)
FNDA:0,(anonymous_18)
FNDA:0,(anonymous_19)
FNDA:0,(anonymous_20)
FNDA:0,(anonymous_21)
FNDA:0,(anonymous_22)
FNDA:0,(anonymous_23)
FNDA:0,(anonymous_24)
FNDA:0,(anonymous_25)
FNDA:0,(anonymous_26)
FNDA:0,(anonymous_27)
FNDA:0,(anonymous_28)
FNDA:0,(anonymous_29)
FNDA:0,(anonymous_30)
DA:16,0
DA:17,0
DA:18,0
DA:19,0
DA:20,0
DA:21,0
DA:22,0
DA:23,0
DA:25,0
DA:27,0
DA:28,0
DA:29,0
DA:30,0
DA:31,0
DA:32,0
DA:33,0
DA:34,0
DA:35,0
DA:36,0
DA:37,0
DA:38,0
DA:39,0
DA:40,0
DA:41,0
DA:42,0
DA:43,0
DA:44,0
DA:50,0
DA:51,0
DA:106,0
DA:107,0
DA:108,0
DA:109,0
DA:110,0
DA:111,0
DA:112,0
DA:113,0
DA:114,0
DA:118,0
DA:120,0
DA:121,0
DA:122,0
DA:123,0
DA:124,0
DA:126,0
DA:128,0
DA:129,0
DA:132,0
DA:133,0
DA:134,0
DA:135,0
DA:138,0
DA:169,0
DA:185,0
DA:186,0
DA:203,0
DA:209,0
DA:210,0
DA:212,0
DA:214,0
DA:218,0
DA:219,0
DA:220,0
DA:221,0
DA:222,0
DA:223,0
DA:224,0
DA:227,0
DA:229,0
DA:230,0
DA:232,0
DA:233,0
DA:234,0
DA:237,0
DA:238,0
DA:239,0
DA:240,0
DA:254,0
DA:255,0
DA:272,0
DA:273,0
DA:274,0
DA:279,0
DA:280,0
DA:281,0
DA:282,0
DA:283,0
DA:284,0
DA:287,0
DA:289,0
DA:290,0
DA:295,0
DA:297,0
DA:299,0
DA:300,0
DA:303,0
DA:304,0
DA:305,0
DA:308,0
DA:309,0
DA:310,0
DA:312,0
DA:313,0
DA:315,0
DA:316,0
DA:318,0
DA:321,0
DA:329,0
DA:330,0
DA:331,0
DA:332,0
DA:333,0
DA:335,0
DA:336,0
DA:337,0
DA:338,0
DA:341,0
DA:352,0
DA:353,0
DA:355,0
DA:361,0
DA:365,0
DA:366,0
DA:369,0
DA:370,0
DA:373,0
DA:374,0
DA:375,0
DA:376,0
DA:377,0
DA:382,0
DA:383,0
DA:386,0
DA:396,0
DA:397,0
DA:399,0
DA:413,0
DA:451,0
DA:494,0
DA:511,0
DA:512,0
DA:526,0
DA:527,0
DA:605,0
LF:144
LH:0
BRDA:27,0,0,0
BRDA:43,1,0,0
BRDA:43,1,1,0
BRDA:112,2,0,0
BRDA:112,2,1,0
BRDA:118,3,0,0
BRDA:118,3,1,0
BRDA:210,4,0,0
BRDA:210,4,1,0
BRDA:219,5,0,0
BRDA:219,5,1,0
BRDA:227,6,0,0
BRDA:227,6,1,0
BRDA:229,7,0,0
BRDA:229,7,1,0
BRDA:232,8,0,0
BRDA:232,8,1,0
BRDA:280,9,0,0
BRDA:280,9,1,0
BRDA:280,10,0,0
BRDA:280,10,1,0
BRDA:282,11,0,0
BRDA:282,11,1,0
BRDA:290,12,0,0
BRDA:290,12,1,0
BRDA:299,13,0,0
BRDA:299,13,1,0
BRDA:308,14,0,0
BRDA:308,14,1,0
BRDA:308,15,0,0
BRDA:308,15,1,0
BRDA:312,16,0,0
BRDA:312,16,1,0
BRDA:313,17,0,0
BRDA:313,17,1,0
BRDA:313,18,0,0
BRDA:313,18,1,0
BRDA:316,19,0,0
BRDA:316,19,1,0
BRDA:316,20,0,0
BRDA:316,20,1,0
BRDA:330,21,0,0
BRDA:330,21,1,0
BRDA:330,22,0,0
BRDA:330,22,1,0
BRDA:353,23,0,0
BRDA:353,23,1,0
BRDA:353,24,0,0
BRDA:353,24,1,0
BRDA:366,25,0,0
BRDA:366,25,1,0
BRDA:375,26,0,0
BRDA:375,26,1,0
BRDA:382,27,0,0
BRDA:382,27,1,0
BRDA:382,28,0,0
BRDA:382,28,1,0
BRDA:405,29,0,0
BRDA:405,29,1,0
BRDA:406,30,0,0
BRDA:406,30,1,0
BRDA:420,31,0,0
BRDA:420,31,1,0
BRDA:424,32,0,0
BRDA:424,32,1,0
BRDA:424,32,2,0
BRDA:445,33,0,0
BRDA:445,33,1,0
BRDA:455,34,0,0
BRDA:455,34,1,0
BRDA:473,35,0,0
BRDA:473,35,1,0
BRDA:476,36,0,0
BRDA:476,36,1,0
BRDA:477,37,0,0
BRDA:477,37,1,0
BRDA:483,38,0,0
BRDA:483,38,1,0
BRDA:491,39,0,0
BRDA:491,39,1,0
BRDA:540,40,0,0
BRDA:540,40,1,0
BRDA:557,41,0,0
BRDA:557,41,1,0
BRF:84
BRH:0
end_of_record
TN:
SF:src\components\VideoRecorder.js
FN:14,(anonymous_0)
FN:23,(anonymous_1)
FN:42,(anonymous_2)
FN:49,(anonymous_3)
FN:55,(anonymous_4)
FN:61,(anonymous_5)
FN:62,(anonymous_6)
FN:83,(anonymous_7)
FN:95,(anonymous_8)
FN:111,(anonymous_9)
FNF:10
FNH:0
FNDA:0,(anonymous_0)
FNDA:0,(anonymous_1)
FNDA:0,(anonymous_2)
FNDA:0,(anonymous_3)
FNDA:0,(anonymous_4)
FNDA:0,(anonymous_5)
FNDA:0,(anonymous_6)
FNDA:0,(anonymous_7)
FNDA:0,(anonymous_8)
FNDA:0,(anonymous_9)
DA:14,0
DA:15,0
DA:16,0
DA:17,0
DA:18,0
DA:19,0
DA:20,0
DA:21,0
DA:23,0
DA:24,0
DA:27,0
DA:42,0
DA:43,0
DA:44,0
DA:49,0
DA:52,0
DA:55,0
DA:56,0
DA:57,0
DA:58,0
DA:61,0
DA:62,0
DA:63,0
DA:64,0
DA:65,0
DA:67,0
DA:73,0
DA:78,0
DA:79,0
DA:83,0
DA:84,0
DA:85,0
DA:86,0
DA:88,0
DA:90,0
DA:91,0
DA:95,0
DA:96,0
DA:97,0
DA:98,0
DA:101,0
DA:107,0
DA:108,0
DA:111,0
DA:112,0
DA:113,0
DA:116,0
DA:117,0
DA:124,0
DA:125,0
DA:135,0
DA:182,0
LF:52
LH:0
BRDA:43,0,0,0
BRDA:43,0,1,0
BRDA:63,1,0,0
BRDA:63,1,1,0
BRDA:84,2,0,0
BRDA:84,2,1,0
BRDA:90,3,0,0
BRDA:90,3,1,0
BRDA:96,4,0,0
BRDA:96,4,1,0
BRDA:102,5,0,0
BRDA:102,5,1,0
BRDA:116,6,0,0
BRDA:116,6,1,0
BRDA:124,7,0,0
BRDA:124,7,1,0
BRDA:137,8,0,0
BRDA:137,8,1,0
BRDA:154,9,0,0
BRDA:154,9,1,0
BRF:20
BRH:0
end_of_record
TN:
SF:src\components\VoiceMessage.js
FN:11,(anonymous_0)
FN:16,(anonymous_1)
FN:35,(anonymous_2)
FN:36,(anonymous_3)
FN:45,(anonymous_4)
FN:51,(anonymous_5)
FN:56,(anonymous_6)
FN:80,(anonymous_7)
FNF:8
FNH:0
FNDA:0,(anonymous_0)
FNDA:0,(anonymous_1)
FNDA:0,(anonymous_2)
FNDA:0,(anonymous_3)
FNDA:0,(anonymous_4)
FNDA:0,(anonymous_5)
FNDA:0,(anonymous_6)
FNDA:0,(anonymous_7)
DA:11,0
DA:12,0
DA:13,0
DA:14,0
DA:16,0
DA:17,0
DA:19,0
DA:35,0
DA:36,0
DA:37,0
DA:38,0
DA:39,0
DA:41,0
DA:45,0
DA:47,0
DA:51,0
DA:52,0
DA:53,0
DA:56,0
DA:57,0
DA:58,0
DA:59,0
DA:62,0
DA:64,0
DA:81,0
DA:82,0
DA:84,0
DA:117,0
LF:28
LH:0
BRDA:11,0,0,0
BRDA:11,1,0,0
BRDA:17,2,0,0
BRDA:17,2,1,0
BRDA:37,3,0,0
BRDA:37,3,1,0
BRDA:53,4,0,0
BRDA:53,4,1,0
BRDA:65,5,0,0
BRDA:65,5,1,0
BRDA:67,6,0,0
BRDA:67,6,1,0
BRDA:71,7,0,0
BRDA:71,7,1,0
BRDA:73,8,0,0
BRDA:73,8,1,0
BRDA:91,9,0,0
BRDA:91,9,1,0
BRDA:92,10,0,0
BRDA:92,10,1,0
BRDA:93,11,0,0
BRDA:93,11,1,0
BRDA:94,12,0,0
BRDA:94,12,1,0
BRDA:94,13,0,0
BRDA:94,13,1,0
BRDA:109,14,0,0
BRDA:109,14,1,0
BRDA:110,15,0,0
BRDA:110,15,1,0
BRF:30
BRH:0
end_of_record
TN:
SF:src\components\VoiceRecorder.js
FN:13,(anonymous_0)
FN:18,(anonymous_1)
FN:37,(anonymous_2)
FN:38,(anonymous_3)
FN:41,(anonymous_4)
FN:47,(anonymous_5)
FN:53,(anonymous_6)
FN:59,(anonymous_7)
FN:72,(anonymous_8)
FNF:9
FNH:0
FNDA:0,(anonymous_0)
FNDA:0,(anonymous_1)
FNDA:0,(anonymous_2)
FNDA:0,(anonymous_3)
FNDA:0,(anonymous_4)
FNDA:0,(anonymous_5)
FNDA:0,(anonymous_6)
FNDA:0,(anonymous_7)
FNDA:0,(anonymous_8)
DA:13,0
DA:14,0
DA:15,0
DA:16,0
DA:18,0
DA:19,0
DA:21,0
DA:37,0
DA:38,0
DA:41,0
DA:43,0
DA:47,0
DA:48,0
DA:49,0
DA:50,0
DA:53,0
DA:55,0
DA:56,0
DA:59,0
DA:60,0
DA:61,0
DA:62,0
DA:65,0
DA:66,0
DA:67,0
DA:69,0
DA:72,0
DA:73,0
DA:74,0
DA:75,0
DA:78,0
DA:79,0
DA:90,0
DA:121,0
LF:34
LH:0
BRDA:19,0,0,0
BRDA:19,0,1,0
BRDA:60,1,0,0
BRDA:60,1,1,0
BRDA:66,2,0,0
BRDA:66,2,1,0
BRDA:75,3,0,0
BRDA:75,3,1,0
BRDA:78,4,0,0
BRDA:78,4,1,0
BRF:10
BRH:0
end_of_record
TN:
SF:src\components\withErrorBoundary.js
FN:17,(anonymous_0)
FN:18,(anonymous_1)
FN:22,(anonymous_2)
FNF:3
FNH:0
FNDA:0,(anonymous_0)
FNDA:0,(anonymous_1)
FNDA:0,(anonymous_2)
DA:17,0
DA:18,0
DA:19,0
DA:24,0
DA:25,0
LF:5
LH:0
BRDA:24,0,0,0
BRDA:24,0,1,0
BRF:2
BRH:0
end_of_record
TN:
SF:src\components\chat\ChatHeader.js
FN:15,(anonymous_0)
FNF:1
FNH:0
FNDA:0,(anonymous_0)
DA:15,0
DA:16,0
DA:55,0
LF:3
LH:0
BRDA:15,0,0,0
BRDA:35,1,0,0
BRDA:35,1,1,0
BRF:3
BRH:0
end_of_record
TN:
SF:src\components\chat\ChatInput.js
FN:5,(anonymous_0)
FNF:1
FNH:0
FNDA:0,(anonymous_0)
DA:5,0
DA:16,0
DA:18,0
DA:64,0
LF:4
LH:0
BRDA:13,0,0,0
BRDA:43,1,0,0
BRDA:43,1,1,0
BRF:3
BRH:0
end_of_record
TN:
SF:src\components\chat\ChatMessage.js
FN:7,(anonymous_0)
FN:8,(anonymous_1)
FN:14,(anonymous_2)
FN:33,(anonymous_3)
FNF:4
FNH:0
FNDA:0,(anonymous_0)
FNDA:0,(anonymous_1)
FNDA:0,(anonymous_2)
FNDA:0,(anonymous_3)
DA:7,0
DA:8,0
DA:9,0
DA:10,0
DA:11,0
DA:14,0
DA:15,0
DA:17,0
DA:19,0
DA:22,0
DA:33,0
DA:34,0
DA:36,0
DA:38,0
DA:40,0
DA:42,0
DA:44,0
DA:48,0
DA:75,0
LF:19
LH:0
BRDA:15,0,0,0
BRDA:15,0,1,0
BRDA:15,0,2,0
BRDA:15,0,3,0
BRDA:25,1,0,0
BRDA:25,1,1,0
BRDA:34,2,0,0
BRDA:34,2,1,0
BRDA:36,3,0,0
BRDA:36,3,1,0
BRDA:36,3,2,0
BRDA:36,3,3,0
BRDA:51,4,0,0
BRDA:51,4,1,0
BRDA:55,5,0,0
BRDA:55,5,1,0
BRDA:64,6,0,0
BRDA:64,6,1,0
BRF:18
BRH:0
end_of_record
TN:
SF:src\components\chat\MessageBubble.js
FN:15,(anonymous_0)
FN:16,(anonymous_1)
FNF:2
FNH:0
FNDA:0,(anonymous_0)
FNDA:0,(anonymous_1)
DA:15,0
DA:16,0
DA:17,0
DA:18,0
DA:19,0
DA:22,0
DA:23,0
DA:27,0
DA:28,0
DA:29,0
DA:33,0
DA:34,0
DA:35,0
DA:39,0
DA:47,0
DA:99,0
LF:16
LH:0
BRDA:22,0,0,0
BRDA:22,0,1,0
BRDA:27,1,0,0
BRDA:27,1,1,0
BRDA:33,2,0,0
BRDA:33,2,1,0
BRDA:50,3,0,0
BRDA:50,3,1,0
BRDA:53,4,0,0
BRDA:53,4,1,0
BRDA:53,4,2,0
BRDA:62,5,0,0
BRDA:62,5,1,0
BRDA:67,6,0,0
BRDA:67,6,1,0
BRDA:73,7,0,0
BRDA:73,7,1,0
BRDA:75,8,0,0
BRDA:75,8,1,0
BRDA:77,9,0,0
BRDA:77,9,1,0
BRDA:87,10,0,0
BRDA:87,10,1,0
BRDA:90,11,0,0
BRDA:90,11,1,0
BRF:25
BRH:0
end_of_record
TN:
SF:src\components\chat\TypingIndicator.js
FN:14,(anonymous_0)
FN:19,(anonymous_1)
FN:20,(anonymous_2)
FN:46,(anonymous_3)
FNF:4
FNH:0
FNDA:0,(anonymous_0)
FNDA:0,(anonymous_1)
FNDA:0,(anonymous_2)
FNDA:0,(anonymous_3)
DA:14,0
DA:15,0
DA:16,0
DA:17,0
DA:19,0
DA:20,0
DA:21,0
DA:38,0
DA:44,0
DA:46,0
DA:49,0
DA:106,0
LF:12
LH:0
BRDA:51,0,0,0
BRDA:51,0,1,0
BRF:2
BRH:0
end_of_record
TN:
SF:src\components\common\ErrorBoundary.js
FN:16,(anonymous_0)
FN:21,(anonymous_1)
FN:25,(anonymous_2)
FN:32,(anonymous_3)
FN:36,(anonymous_4)
FNF:5
FNH:0
FNDA:0,(anonymous_0)
FNDA:0,(anonymous_1)
FNDA:0,(anonymous_2)
FNDA:0,(anonymous_3)
FNDA:0,(anonymous_4)
DA:17,0
DA:18,0
DA:22,0
DA:26,0
DA:32,0
DA:33,0
DA:37,0
DA:38,0
DA:64,0
DA:68,0
LF:10
LH:0
BRDA:37,0,0,0
BRDA:37,0,1,0
BRDA:48,1,0,0
BRDA:48,1,1,0
BRDA:48,1,2,0
BRF:5
BRH:0
end_of_record
TN:
SF:src\components\common\LoadingSpinner.js
FN:13,(anonymous_0)
FNF:1
FNH:0
FNDA:0,(anonymous_0)
DA:13,0
DA:14,0
DA:24,0
LF:3
LH:0
BRDA:13,0,0,0
BRDA:13,1,0,0
BRDA:13,2,0,0
BRDA:17,3,0,0
BRDA:17,3,1,0
BRF:5
BRH:0
end_of_record
TN:
SF:src\components\discovery\AISearchModal.js
FN:19,(anonymous_0)
FN:23,(anonymous_1)
FN:33,(anonymous_2)
FN:94,(anonymous_3)
FNF:4
FNH:0
FNDA:0,(anonymous_0)
FNDA:0,(anonymous_1)
FNDA:0,(anonymous_2)
FNDA:0,(anonymous_3)
DA:19,0
DA:20,0
DA:21,0
DA:23,0
DA:24,0
DA:25,0
DA:26,0
DA:27,0
DA:29,0
DA:33,0
DA:34,0
DA:35,0
DA:38,0
DA:94,0
DA:95,0
LF:15
LH:0
BRDA:24,0,0,0
BRDA:24,0,1,0
BRDA:24,1,0,0
BRDA:24,1,1,0
BRF:4
BRH:0
end_of_record
TN:
SF:src\components\discovery\ActionButtons.js
FN:17,(anonymous_0)
FN:92,(anonymous_1)
FNF:2
FNH:0
FNDA:0,(anonymous_0)
FNDA:0,(anonymous_1)
DA:5,0
DA:17,0
DA:28,0
DA:30,0
DA:32,0
DA:92,0
DA:93,0
LF:7
LH:0
BRDA:24,0,0,0
BRDA:25,1,0,0
BRDA:26,2,0,0
BRDA:30,3,0,0
BRDA:30,3,1,0
BRDA:38,4,0,0
BRDA:38,4,1,0
BRDA:43,5,0,0
BRDA:43,5,1,0
BRF:9
BRH:0
end_of_record
TN:
SF:src\components\discovery\EmptyState.js
FN:14,(anonymous_0)
FNF:1
FNH:0
FNDA:0,(anonymous_0)
DA:14,0
DA:21,0
DA:45,0
LF:3
LH:0
BRDA:15,0,0,0
BRDA:29,1,0,0
BRDA:29,1,1,0
BRDA:33,2,0,0
BRDA:33,2,1,0
BRDA:33,2,2,0
BRF:6
BRH:0
end_of_record
TN:
SF:src\components\discovery\FilterBar.js
FN:15,(anonymous_0)
FN:98,(anonymous_1)
FNF:2
FNH:0
FNDA:0,(anonymous_0)
FNDA:0,(anonymous_1)
DA:15,0
DA:26,0
DA:28,0
DA:98,0
DA:99,0
LF:5
LH:0
BRDA:34,0,0,0
BRDA:34,0,1,0
BRDA:39,1,0,0
BRDA:39,1,1,0
BRDA:41,2,0,0
BRDA:41,2,1,0
BRDA:46,3,0,0
BRDA:46,3,1,0
BRDA:49,4,0,0
BRDA:49,4,1,0
BRDA:55,5,0,0
BRDA:55,5,1,0
BRDA:59,6,0,0
BRDA:59,6,1,0
BRDA:61,7,0,0
BRDA:61,7,1,0
BRDA:79,8,0,0
BRDA:79,8,1,0
BRDA:88,9,0,0
BRDA:88,9,1,0
BRDA:90,10,0,0
BRDA:90,10,1,0
BRF:22
BRH:0
end_of_record
TN:
SF:src\components\discovery\MatchModal.js
FN:21,(anonymous_0)
FN:25,(anonymous_1)
FNF:2
FNH:0
FNDA:0,(anonymous_0)
FNDA:0,(anonymous_1)
DA:19,0
DA:21,0
DA:22,0
DA:23,0
DA:25,0
DA:26,0
DA:27,0
DA:41,0
DA:42,0
DA:46,0
DA:48,0
DA:118,0
LF:12
LH:0
BRDA:26,0,0,0
BRDA:26,0,1,0
BRDA:46,1,0,0
BRDA:46,1,1,0
BRF:4
BRH:0
end_of_record
TN:
SF:src\components\discovery\ProfileCard.js
FN:22,(anonymous_0)
FN:28,(anonymous_1)
FN:32,(anonymous_2)
FN:44,(anonymous_3)
FN:53,(anonymous_4)
FN:83,(anonymous_5)
FN:118,(anonymous_6)
FN:120,(anonymous_7)
FN:122,(anonymous_8)
FN:149,(anonymous_9)
FN:166,(anonymous_10)
FN:171,(anonymous_11)
FN:244,(anonymous_12)
FNF:13
FNH:0
FNDA:0,(anonymous_0)
FNDA:0,(anonymous_1)
FNDA:0,(anonymous_2)
FNDA:0,(anonymous_3)
FNDA:0,(anonymous_4)
FNDA:0,(anonymous_5)
FNDA:0,(anonymous_6)
FNDA:0,(anonymous_7)
FNDA:0,(anonymous_8)
FNDA:0,(anonymous_9)
FNDA:0,(anonymous_10)
FNDA:0,(anonymous_11)
FNDA:0,(anonymous_12)
DA:20,0
DA:22,0
DA:23,0
DA:24,0
DA:26,0
DA:28,0
DA:33,0
DA:36,0
DA:38,0
DA:39,0
DA:41,0
DA:45,0
DA:46,0
DA:50,0
DA:54,0
DA:55,0
DA:60,0
DA:69,0
DA:72,0
DA:73,0
DA:80,0
DA:83,0
DA:85,0
DA:86,0
DA:90,0
DA:91,0
DA:92,0
DA:93,0
DA:94,0
DA:97,0
DA:98,0
DA:106,0
DA:110,0
DA:113,0
DA:116,0
DA:118,0
DA:119,0
DA:120,0
DA:121,0
DA:122,0
DA:126,0
DA:150,0
DA:166,0
DA:171,0
DA:245,0
DA:256,0
LF:46
LH:0
BRDA:38,0,0,0
BRDA:38,0,1,0
BRDA:39,1,0,0
BRDA:39,1,1,0
BRDA:45,2,0,0
BRDA:45,2,1,0
BRDA:54,3,0,0
BRDA:54,3,1,0
BRDA:69,4,0,0
BRDA:69,4,1,0
BRDA:72,5,0,0
BRDA:72,5,1,0
BRDA:73,6,0,0
BRDA:73,6,1,0
BRDA:73,6,2,0
BRDA:73,6,3,0
BRDA:73,6,4,0
BRDA:80,7,0,0
BRDA:80,7,1,0
BRDA:80,7,2,0
BRDA:85,8,0,0
BRDA:85,8,1,0
BRDA:85,9,0,0
BRDA:85,9,1,0
BRDA:85,9,2,0
BRDA:90,10,0,0
BRDA:90,10,1,0
BRDA:97,11,0,0
BRDA:97,11,1,0
BRDA:97,12,0,0
BRDA:97,12,1,0
BRDA:110,13,0,0
BRDA:110,13,1,0
BRDA:113,14,0,0
BRDA:113,14,1,0
BRDA:116,15,0,0
BRDA:116,15,1,0
BRDA:116,15,2,0
BRDA:119,16,0,0
BRDA:119,16,1,0
BRDA:119,17,0,0
BRDA:119,17,1,0
BRDA:121,18,0,0
BRDA:121,18,1,0
BRDA:121,19,0,0
BRDA:121,19,1,0
BRDA:147,20,0,0
BRDA:147,20,1,0
BRDA:154,21,0,0
BRDA:154,21,1,0
BRDA:162,22,0,0
BRDA:162,22,1,0
BRDA:188,23,0,0
BRDA:188,23,1,0
BRDA:191,24,0,0
BRDA:191,24,1,0
BRDA:196,25,0,0
BRDA:196,25,1,0
BRDA:208,26,0,0
BRDA:208,26,1,0
BRDA:215,27,0,0
BRDA:215,27,1,0
BRDA:222,28,0,0
BRDA:222,28,1,0
BRDA:229,29,0,0
BRDA:229,29,1,0
BRDA:238,30,0,0
BRDA:238,30,1,0
BRDA:238,30,2,0
BRF:69
BRH:0
end_of_record
TN:
SF:src\components\discovery\StoryBar.js
FN:15,(anonymous_0)
FN:80,(anonymous_1)
FN:85,(anonymous_2)
FN:92,(anonymous_3)
FNF:4
FNH:0
FNDA:0,(anonymous_0)
FNDA:0,(anonymous_1)
FNDA:0,(anonymous_2)
FNDA:0,(anonymous_3)
DA:15,0
DA:24,0
DA:27,0
DA:28,0
DA:49,0
DA:50,0
DA:61,0
DA:81,0
DA:85,0
DA:92,0
DA:93,0
LF:11
LH:0
BRDA:17,0,0,0
BRDA:19,1,0,0
BRDA:27,2,0,0
BRDA:27,2,1,0
BRDA:49,3,0,0
BRDA:49,3,1,0
BRDA:71,4,0,0
BRDA:71,4,1,0
BRF:8
BRH:0
end_of_record
TN:
SF:src\components\discovery\SugarDatingModal.js
FN:18,(anonymous_0)
FN:21,(anonymous_1)
FN:89,(anonymous_2)
FNF:3
FNH:0
FNDA:0,(anonymous_0)
FNDA:0,(anonymous_1)
FNDA:0,(anonymous_2)
DA:18,0
DA:19,0
DA:21,0
DA:22,0
DA:23,0
DA:26,0
DA:89,0
DA:90,0
LF:8
LH:0
BRF:0
BRH:0
end_of_record
TN:
SF:src\components\discovery\SwipeButtons.js
FN:14,(anonymous_0)
FNF:1
FNH:0
FNDA:0,(anonymous_0)
DA:14,0
DA:15,0
DA:64,0
LF:3
LH:0
BRDA:14,0,0,0
BRDA:14,1,0,0
BRDA:19,2,0,0
BRDA:19,2,1,0
BRDA:19,2,2,0
BRDA:20,3,0,0
BRDA:20,3,1,0
BRDA:23,4,0,0
BRDA:23,4,1,0
BRDA:28,5,0,0
BRDA:28,5,1,0
BRDA:37,6,0,0
BRDA:37,6,1,0
BRDA:46,7,0,0
BRDA:46,7,1,0
BRDA:55,8,0,0
BRDA:55,8,1,0
BRF:17
BRH:0
end_of_record
TN:
SF:src\components\discovery\index.js
FNF:0
FNH:0
LF:0
LH:0
BRF:0
BRH:0
end_of_record
TN:
SF:src\components\matches\ConversationCard.js
FN:15,(anonymous_0)
FN:16,(anonymous_1)
FNF:2
FNH:0
FNDA:0,(anonymous_0)
FNDA:0,(anonymous_1)
DA:15,0
DA:16,0
DA:17,0
DA:18,0
DA:19,0
DA:22,0
DA:23,0
DA:27,0
DA:28,0
DA:29,0
DA:33,0
DA:34,0
DA:35,0
DA:39,0
DA:40,0
DA:41,0
DA:45,0
DA:51,0
DA:116,0
LF:19
LH:0
BRDA:22,0,0,0
BRDA:22,0,1,0
BRDA:27,1,0,0
BRDA:27,1,1,0
BRDA:33,2,0,0
BRDA:33,2,1,0
BRDA:39,3,0,0
BRDA:39,3,1,0
BRDA:64,4,0,0
BRDA:64,4,1,0
BRDA:75,5,0,0
BRDA:75,5,1,0
BRDA:79,6,0,0
BRDA:79,6,1,0
BRDA:86,7,0,0
BRDA:86,7,1,0
BRDA:96,8,0,0
BRDA:96,8,1,0
BRDA:100,9,0,0
BRDA:100,9,1,0
BRDA:103,10,0,0
BRDA:103,10,1,0
BRDA:106,11,0,0
BRDA:106,11,1,0
BRF:24
BRH:0
end_of_record
TN:
SF:src\components\matches\MatchCard.js
FN:15,(anonymous_0)
FN:16,(anonymous_1)
FNF:2
FNH:0
FNDA:0,(anonymous_0)
FNDA:0,(anonymous_1)
DA:15,0
DA:16,0
DA:17,0
DA:18,0
DA:19,0
DA:22,0
DA:23,0
DA:24,0
DA:28,0
DA:29,0
DA:30,0
DA:34,0
DA:35,0
DA:36,0
DA:40,0
DA:46,0
DA:91,0
LF:17
LH:0
BRDA:22,0,0,0
BRDA:22,0,1,0
BRDA:28,1,0,0
BRDA:28,1,1,0
BRDA:34,2,0,0
BRDA:34,2,1,0
BRDA:63,3,0,0
BRDA:63,3,1,0
BRDA:72,4,0,0
BRDA:72,4,1,0
BRF:10
BRH:0
end_of_record
TN:
SF:src\components\profile\ProfileActions.js
FN:5,(anonymous_0)
FNF:1
FNH:0
FNDA:0,(anonymous_0)
DA:5,0
DA:6,0
DA:33,0
LF:3
LH:0
BRF:0
BRH:0
end_of_record
TN:
SF:src\components\profile\ProfileBio.js
FN:5,(anonymous_0)
FNF:1
FNH:0
FNDA:0,(anonymous_0)
DA:5,0
DA:6,0
DA:8,0
DA:23,0
LF:4
LH:0
BRDA:6,0,0,0
BRDA:6,0,1,0
BRF:2
BRH:0
end_of_record
TN:
SF:src\components\profile\ProfileDetails.js
FN:5,(anonymous_0)
FN:33,(anonymous_1)
FN:45,(anonymous_2)
FNF:3
FNH:0
FNDA:0,(anonymous_0)
FNDA:0,(anonymous_1)
FNDA:0,(anonymous_2)
DA:5,0
DA:6,0
DA:33,0
DA:35,0
DA:37,0
DA:46,0
DA:64,0
LF:7
LH:0
BRDA:10,0,0,0
BRDA:10,0,1,0
BRDA:25,1,0,0
BRDA:25,1,1,0
BRDA:27,2,0,0
BRDA:27,2,1,0
BRDA:29,3,0,0
BRDA:29,3,1,0
BRDA:35,4,0,0
BRDA:35,4,1,0
BRF:10
BRH:0
end_of_record
TN:
SF:src\components\profile\ProfileHeader.js
FN:7,(anonymous_0)
FNF:1
FNH:0
FNDA:0,(anonymous_0)
DA:7,0
DA:15,0
DA:94,0
LF:3
LH:0
BRDA:41,0,0,0
BRDA:41,0,1,0
BRDA:47,1,0,0
BRDA:47,1,1,0
BRDA:64,2,0,0
BRDA:64,2,1,0
BRDA:83,3,0,0
BRDA:83,3,1,0
BRF:8
BRH:0
end_of_record
TN:
SF:src\components\profile\ProfileInterests.js
FN:5,(anonymous_0)
FN:17,(anonymous_1)
FNF:2
FNH:0
FNDA:0,(anonymous_0)
FNDA:0,(anonymous_1)
DA:5,0
DA:6,0
DA:8,0
DA:18,0
DA:38,0
LF:5
LH:0
BRDA:6,0,0,0
BRDA:6,0,1,0
BRDA:6,1,0,0
BRDA:6,1,1,0
BRF:4
BRH:0
end_of_record
TN:
SF:src\components\profile\ProfilePhotos.js
FN:6,(anonymous_0)
FN:16,(anonymous_1)
FN:20,(anonymous_2)
FNF:3
FNH:0
FNDA:0,(anonymous_0)
FNDA:0,(anonymous_1)
FNDA:0,(anonymous_2)
DA:6,0
DA:7,0
DA:17,0
DA:20,0
DA:51,0
LF:5
LH:0
BRDA:12,0,0,0
BRDA:12,0,1,0
BRDA:28,1,0,0
BRDA:28,1,1,0
BRDA:35,2,0,0
BRDA:35,2,1,0
BRDA:35,2,2,0
BRF:7
BRH:0
end_of_record
TN:
SF:src\components\video\ProfileVideoCard.js
FN:17,(anonymous_0)
FN:28,(anonymous_1)
FN:32,(anonymous_2)
FN:39,(anonymous_3)
FNF:4
FNH:0
FNDA:0,(anonymous_0)
FNDA:0,(anonymous_1)
FNDA:0,(anonymous_2)
FNDA:0,(anonymous_3)
DA:15,0
DA:17,0
DA:24,0
DA:25,0
DA:26,0
DA:28,0
DA:29,0
DA:32,0
DA:34,0
DA:35,0
DA:39,0
DA:40,0
DA:42,0
DA:43,0
DA:45,0
DA:47,0
DA:48,0
DA:50,0
DA:51,0
DA:54,0
DA:57,0
DA:59,0
DA:60,0
DA:63,0
DA:67,0
DA:68,0
DA:71,0
DA:85,0
LF:28
LH:0
BRDA:20,0,0,0
BRDA:34,1,0,0
BRDA:34,1,1,0
BRDA:34,2,0,0
BRDA:34,2,1,0
BRDA:40,3,0,0
BRDA:40,3,1,0
BRDA:47,4,0,0
BRDA:47,4,1,0
BRDA:47,5,0,0
BRDA:47,5,1,0
BRDA:50,6,0,0
BRDA:50,6,1,0
BRDA:59,7,0,0
BRDA:59,7,1,0
BRDA:67,8,0,0
BRDA:67,8,1,0
BRF:17
BRH:0
end_of_record
TN:
SF:src\components\video\VideoPlayer.js
FN:17,(anonymous_0)
FN:35,(anonymous_1)
FN:36,(anonymous_2)
FN:48,(anonymous_3)
FN:56,(anonymous_4)
FN:76,(anonymous_5)
FN:91,(anonymous_6)
FN:96,(anonymous_7)
FN:108,(anonymous_8)
FN:123,(anonymous_9)
FN:135,(anonymous_10)
FNF:11
FNH:0
FNDA:0,(anonymous_0)
FNDA:0,(anonymous_1)
FNDA:0,(anonymous_2)
FNDA:0,(anonymous_3)
FNDA:0,(anonymous_4)
FNDA:0,(anonymous_5)
FNDA:0,(anonymous_6)
FNDA:0,(anonymous_7)
FNDA:0,(anonymous_8)
FNDA:0,(anonymous_9)
FNDA:0,(anonymous_10)
DA:17,0
DA:26,0
DA:27,0
DA:28,0
DA:29,0
DA:30,0
DA:32,0
DA:33,0
DA:35,0
DA:36,0
DA:38,0
DA:39,0
DA:42,0
DA:43,0
DA:48,0
DA:50,0
DA:51,0
DA:52,0
DA:56,0
DA:57,0
DA:58,0
DA:59,0
DA:62,0
DA:63,0
DA:65,0
DA:66,0
DA:67,0
DA:68,0
DA:70,0
DA:71,0
DA:76,0
DA:77,0
DA:78,0
DA:82,0
DA:85,0
DA:87,0
DA:88,0
DA:91,0
DA:92,0
DA:96,0
DA:97,0
DA:99,0
DA:100,0
DA:101,0
DA:102,0
DA:104,0
DA:108,0
DA:109,0
DA:111,0
DA:112,0
DA:113,0
DA:115,0
DA:118,0
DA:123,0
DA:124,0
DA:125,0
DA:126,0
DA:127,0
DA:129,0
DA:135,0
DA:136,0
DA:137,0
DA:141,0
DA:142,0
DA:155,0
DA:156,0
DA:166,0
DA:232,0
LF:68
LH:0
BRDA:19,0,0,0
BRDA:20,1,0,0
BRDA:38,2,0,0
BRDA:38,2,1,0
BRDA:42,3,0,0
BRDA:42,3,1,0
BRDA:50,4,0,0
BRDA:50,4,1,0
BRDA:57,5,0,0
BRDA:57,5,1,0
BRDA:62,6,0,0
BRDA:62,6,1,0
BRDA:65,7,0,0
BRDA:65,7,1,0
BRDA:70,8,0,0
BRDA:70,8,1,0
BRDA:77,9,0,0
BRDA:77,9,1,0
BRDA:87,10,0,0
BRDA:87,10,1,0
BRDA:97,11,0,0
BRDA:97,11,1,0
BRDA:109,12,0,0
BRDA:109,12,1,0
BRDA:112,13,0,0
BRDA:112,13,1,0
BRDA:124,14,0,0
BRDA:124,14,1,0
BRDA:136,15,0,0
BRDA:136,15,1,0
BRDA:141,16,0,0
BRDA:141,16,1,0
BRDA:144,17,0,0
BRDA:144,17,1,0
BRDA:155,18,0,0
BRDA:155,18,1,0
BRDA:159,19,0,0
BRDA:159,19,1,0
BRDA:180,20,0,0
BRDA:180,20,1,0
BRDA:194,21,0,0
BRDA:194,21,1,0
BRDA:202,22,0,0
BRDA:202,22,1,0
BRDA:214,23,0,0
BRDA:214,23,1,0
BRDA:223,24,0,0
BRDA:223,24,1,0
BRDA:223,24,2,0
BRF:49
BRH:0
end_of_record
TN:
SF:src\components\video\VideoPreview.js
FN:17,(anonymous_0)
FN:22,(anonymous_1)
FN:34,(anonymous_2)
FN:105,(anonymous_3)
FNF:4
FNH:0
FNDA:0,(anonymous_0)
FNDA:0,(anonymous_1)
FNDA:0,(anonymous_2)
FNDA:0,(anonymous_3)
DA:17,0
DA:18,0
DA:19,0
DA:20,0
DA:22,0
DA:23,0
DA:24,0
DA:25,0
DA:28,0
DA:29,0
DA:34,0
DA:35,0
DA:37,0
DA:38,0
DA:39,0
DA:41,0
DA:44,0
DA:48,0
DA:105,0
DA:116,0
LF:20
LH:0
BRDA:23,0,0,0
BRDA:23,0,1,0
BRDA:28,1,0,0
BRDA:28,1,1,0
BRDA:35,2,0,0
BRDA:35,2,1,0
BRDA:38,3,0,0
BRDA:38,3,1,0
BRDA:63,4,0,0
BRDA:63,4,1,0
BRDA:70,5,0,0
BRDA:70,5,1,0
BRDA:76,6,0,0
BRDA:76,6,1,0
BRF:14
BRH:0
end_of_record
TN:
SF:src\components\video\VideoRecorder.js
FN:17,(anonymous_0)
FN:26,(anonymous_1)
FN:29,(anonymous_2)
FN:36,(anonymous_3)
FN:56,(anonymous_4)
FN:64,(anonymous_5)
FN:65,(anonymous_6)
FN:99,(anonymous_7)
FN:114,(anonymous_8)
FN:115,(anonymous_9)
FN:118,(anonymous_10)
FNF:11
FNH:0
FNDA:0,(anonymous_0)
FNDA:0,(anonymous_1)
FNDA:0,(anonymous_2)
FNDA:0,(anonymous_3)
FNDA:0,(anonymous_4)
FNDA:0,(anonymous_5)
FNDA:0,(anonymous_6)
FNDA:0,(anonymous_7)
FNDA:0,(anonymous_8)
FNDA:0,(anonymous_9)
FNDA:0,(anonymous_10)
DA:17,0
DA:18,0
DA:19,0
DA:20,0
DA:21,0
DA:23,0
DA:24,0
DA:26,0
DA:27,0
DA:29,0
DA:30,0
DA:31,0
DA:36,0
DA:37,0
DA:38,0
DA:39,0
DA:41,0
DA:43,0
DA:44,0
DA:51,0
DA:52,0
DA:56,0
DA:57,0
DA:59,0
DA:60,0
DA:61,0
DA:64,0
DA:65,0
DA:66,0
DA:69,0
DA:70,0
DA:73,0
DA:78,0
DA:83,0
DA:85,0
DA:86,0
DA:89,0
DA:90,0
DA:91,0
DA:93,0
DA:94,0
DA:99,0
DA:100,0
DA:102,0
DA:103,0
DA:104,0
DA:106,0
DA:107,0
DA:110,0
DA:114,0
DA:115,0
DA:118,0
DA:119,0
DA:120,0
DA:121,0
DA:124,0
DA:125,0
DA:132,0
DA:133,0
DA:143,0
DA:202,0
LF:61
LH:0
BRDA:17,0,0,0
BRDA:30,1,0,0
BRDA:30,1,1,0
BRDA:41,2,0,0
BRDA:41,2,1,0
BRDA:43,3,0,0
BRDA:43,3,1,0
BRDA:43,4,0,0
BRDA:43,4,1,0
BRDA:57,5,0,0
BRDA:57,5,1,0
BRDA:57,6,0,0
BRDA:57,6,1,0
BRDA:69,7,0,0
BRDA:69,7,1,0
BRDA:85,8,0,0
BRDA:85,8,1,0
BRDA:93,9,0,0
BRDA:93,9,1,0
BRDA:100,10,0,0
BRDA:100,10,1,0
BRDA:100,11,0,0
BRDA:100,11,1,0
BRDA:106,12,0,0
BRDA:106,12,1,0
BRDA:115,13,0,0
BRDA:115,13,1,0
BRDA:124,14,0,0
BRDA:124,14,1,0
BRDA:132,15,0,0
BRDA:132,15,1,0
BRDA:153,16,0,0
BRDA:153,16,1,0
BRDA:154,17,0,0
BRDA:154,17,1,0
BRDA:172,18,0,0
BRDA:172,18,1,0
BRDA:178,19,0,0
BRDA:178,19,1,0
BRDA:179,20,0,0
BRDA:179,20,1,0
BRDA:181,21,0,0
BRDA:181,21,1,0
BRDA:193,22,0,0
BRDA:193,22,1,0
BRF:45
BRH:0
end_of_record
TN:
SF:src\components\video\VideoReportButton.js
FN:28,(anonymous_0)
FN:34,(anonymous_1)
FN:38,(anonymous_2)
FN:78,(anonymous_3)
FN:85,(anonymous_4)
FN:97,(anonymous_5)
FN:104,(anonymous_6)
FN:136,(anonymous_7)
FNF:8
FNH:0
FNDA:0,(anonymous_0)
FNDA:0,(anonymous_1)
FNDA:0,(anonymous_2)
FNDA:0,(anonymous_3)
FNDA:0,(anonymous_4)
FNDA:0,(anonymous_5)
FNDA:0,(anonymous_6)
FNDA:0,(anonymous_7)
DA:19,0
DA:28,0
DA:29,0
DA:30,0
DA:31,0
DA:32,0
DA:34,0
DA:35,0
DA:38,0
DA:39,0
DA:41,0
DA:42,0
DA:43,0
DA:46,0
DA:47,0
DA:49,0
DA:51,0
DA:52,0
DA:53,0
DA:54,0
DA:55,0
DA:58,0
DA:59,0
DA:61,0
DA:65,0
DA:78,0
DA:85,0
DA:98,0
DA:104,0
DA:136,0
DA:159,0
LF:31
LH:0
BRDA:39,0,0,0
BRDA:39,0,1,0
BRDA:41,1,0,0
BRDA:41,1,1,0
BRDA:41,2,0,0
BRDA:41,2,1,0
BRDA:51,3,0,0
BRDA:51,3,1,0
BRDA:52,4,0,0
BRDA:52,4,1,0
BRDA:102,5,0,0
BRDA:102,5,1,0
BRDA:109,6,0,0
BRDA:109,6,1,0
BRDA:114,7,0,0
BRDA:114,7,1,0
BRDA:121,8,0,0
BRDA:121,8,1,0
BRDA:145,9,0,0
BRDA:145,9,1,0
BRDA:148,10,0,0
BRDA:148,10,1,0
BRF:22
BRH:0
end_of_record
TN:
SF:src\components\video\VideoUploadSection.js
FN:23,(anonymous_0)
FN:35,(anonymous_1)
FN:39,(anonymous_2)
FN:62,(anonymous_3)
FN:81,(anonymous_4)
FN:87,(anonymous_5)
FN:92,(anonymous_6)
FN:98,(anonymous_7)
FN:104,(anonymous_8)
FN:105,(anonymous_9)
FN:137,(anonymous_10)
FN:146,(anonymous_11)
FN:173,(anonymous_12)
FN:180,(anonymous_13)
FN:277,(anonymous_14)
FNF:15
FNH:0
FNDA:0,(anonymous_0)
FNDA:0,(anonymous_1)
FNDA:0,(anonymous_2)
FNDA:0,(anonymous_3)
FNDA:0,(anonymous_4)
FNDA:0,(anonymous_5)
FNDA:0,(anonymous_6)
FNDA:0,(anonymous_7)
FNDA:0,(anonymous_8)
FNDA:0,(anonymous_9)
FNDA:0,(anonymous_10)
FNDA:0,(anonymous_11)
FNDA:0,(anonymous_12)
FNDA:0,(anonymous_13)
FNDA:0,(anonymous_14)
DA:23,0
DA:24,0
DA:25,0
DA:26,0
DA:27,0
DA:28,0
DA:31,0
DA:32,0
DA:33,0
DA:35,0
DA:36,0
DA:39,0
DA:40,0
DA:42,0
DA:43,0
DA:45,0
DA:46,0
DA:47,0
DA:50,0
DA:51,0
DA:52,0
DA:56,0
DA:58,0
DA:62,0
DA:63,0
DA:64,0
DA:71,0
DA:72,0
DA:73,0
DA:76,0
DA:77,0
DA:81,0
DA:82,0
DA:83,0
DA:84,0
DA:87,0
DA:88,0
DA:89,0
DA:92,0
DA:93,0
DA:94,0
DA:95,0
DA:98,0
DA:99,0
DA:100,0
DA:101,0
DA:104,0
DA:105,0
DA:108,0
DA:110,0
DA:111,0
DA:113,0
DA:114,0
DA:120,0
DA:122,0
DA:123,0
DA:126,0
DA:129,0
DA:130,0
DA:132,0
DA:133,0
DA:137,0
DA:138,0
DA:147,0
DA:148,0
DA:150,0
DA:152,0
DA:153,0
DA:154,0
DA:155,0
DA:157,0
DA:158,0
DA:162,0
DA:163,0
DA:165,0
DA:173,0
DA:174,0
DA:180,0
DA:194,0
DA:277,0
DA:299,0
LF:81
LH:0
BRDA:40,0,0,0
BRDA:40,0,1,0
BRDA:46,1,0,0
BRDA:46,1,1,0
BRDA:46,2,0,0
BRDA:46,2,1,0
BRDA:51,3,0,0
BRDA:51,3,1,0
BRDA:51,4,0,0
BRDA:51,4,1,0
BRDA:71,5,0,0
BRDA:71,5,1,0
BRDA:71,6,0,0
BRDA:71,6,1,0
BRDA:113,7,0,0
BRDA:113,7,1,0
BRDA:116,8,0,0
BRDA:116,8,1,0
BRDA:122,9,0,0
BRDA:122,9,1,0
BRDA:126,10,0,0
BRDA:126,10,1,0
BRDA:130,11,0,0
BRDA:130,11,1,0
BRDA:152,12,0,0
BRDA:152,12,1,0
BRDA:157,13,0,0
BRDA:157,13,1,0
BRDA:198,14,0,0
BRDA:198,14,1,0
BRDA:200,15,0,0
BRDA:200,15,1,0
BRDA:201,16,0,0
BRDA:201,16,1,0
BRDA:202,17,0,0
BRDA:202,17,1,0
BRDA:207,18,0,0
BRDA:207,18,1,0
BRDA:211,19,0,0
BRDA:211,19,1,0
BRDA:211,20,0,0
BRDA:211,20,1,0
BRDA:238,21,0,0
BRDA:238,21,1,0
BRDA:238,21,2,0
BRDA:259,22,0,0
BRDA:259,22,1,0
BRDA:287,23,0,0
BRDA:287,23,1,0
BRF:49
BRH:0
end_of_record
TN:
SF:src\components\video\index.js
FNF:0
FNH:0
LF:0
LH:0
BRF:0
BRH:0
end_of_record
TN:
SF:src\config\i18n.js
FNF:0
FNH:0
DA:9,0
LF:1
LH:0
BRF:0
BRH:0
end_of_record
TN:
SF:src\config\queryClient.js
FN:25,(anonymous_0)
FN:32,(anonymous_1)
FN:43,(anonymous_2)
FN:52,(anonymous_3)
FN:68,(anonymous_4)
FN:69,(anonymous_5)
FN:70,(anonymous_6)
FN:76,(anonymous_7)
FN:77,(anonymous_8)
FN:82,(anonymous_9)
FN:83,(anonymous_10)
FN:84,(anonymous_11)
FN:90,(anonymous_12)
FNF:13
FNH:0
FNDA:0,(anonymous_0)
FNDA:0,(anonymous_1)
FNDA:0,(anonymous_2)
FNDA:0,(anonymous_3)
FNDA:0,(anonymous_4)
FNDA:0,(anonymous_5)
FNDA:0,(anonymous_6)
FNDA:0,(anonymous_7)
FNDA:0,(anonymous_8)
FNDA:0,(anonymous_9)
FNDA:0,(anonymous_10)
FNDA:0,(anonymous_11)
FNDA:0,(anonymous_12)
DA:15,0
DA:27,0
DA:28,0
DA:30,0
DA:32,0
DA:44,0
DA:53,0
DA:64,0
DA:68,0
DA:69,0
DA:70,0
DA:76,0
DA:77,0
DA:82,0
DA:83,0
DA:84,0
DA:90,0
LF:17
LH:0
BRDA:27,0,0,0
BRDA:27,0,1,0
BRDA:27,1,0,0
BRDA:27,1,1,0
BRF:4
BRH:0
end_of_record
TN:
SF:src\constants\Colors.js
FNF:0
FNH:0
DA:5,0
LF:1
LH:0
BRF:0
BRH:0
end_of_record
TN:
SF:src\context\AuthContext.js
FN:18,(anonymous_0)
FN:19,(anonymous_1)
FN:20,(anonymous_2)
FN:23,(anonymous_3)
FN:53,(anonymous_4)
FN:60,(anonymous_5)
FN:89,(anonymous_6)
FN:90,(anonymous_7)
FN:103,(anonymous_8)
FN:112,(anonymous_9)
FN:117,(anonymous_10)
FN:123,(anonymous_11)
FN:140,(anonymous_12)
FN:176,(anonymous_13)
FN:190,(anonymous_14)
FNF:15
FNH:0
FNDA:0,(anonymous_0)
FNDA:0,(anonymous_1)
FNDA:0,(anonymous_2)
FNDA:0,(anonymous_3)
FNDA:0,(anonymous_4)
FNDA:0,(anonymous_5)
FNDA:0,(anonymous_6)
FNDA:0,(anonymous_7)
FNDA:0,(anonymous_8)
FNDA:0,(anonymous_9)
FNDA:0,(anonymous_10)
FNDA:0,(anonymous_11)
FNDA:0,(anonymous_12)
FNDA:0,(anonymous_13)
FNDA:0,(anonymous_14)
DA:12,0
DA:19,0
DA:20,0
DA:23,0
DA:24,0
DA:26,0
DA:53,0
DA:54,0
DA:55,0
DA:56,0
DA:57,0
DA:59,0
DA:61,0
DA:62,0
DA:63,0
DA:66,0
DA:67,0
DA:71,0
DA:72,0
DA:77,0
DA:80,0
DA:81,0
DA:83,0
DA:89,0
DA:90,0
DA:91,0
DA:92,0
DA:93,0
DA:94,0
DA:96,0
DA:99,0
DA:103,0
DA:104,0
DA:105,0
DA:106,0
DA:108,0
DA:112,0
DA:113,0
DA:117,0
DA:118,0
DA:119,0
DA:120,0
DA:123,0
DA:124,0
DA:126,0
DA:127,0
DA:133,0
DA:135,0
DA:136,0
DA:140,0
DA:141,0
DA:142,0
DA:157,0
DA:159,0
DA:160,0
DA:162,0
DA:165,0
DA:166,0
DA:170,0
DA:177,0
DA:183,0
DA:190,0
LF:62
LH:0
BRDA:23,0,0,0
BRDA:24,1,0,0
BRDA:24,1,1,0
BRDA:29,2,0,0
BRDA:29,2,1,0
BRDA:29,2,2,0
BRDA:30,3,0,0
BRDA:30,3,1,0
BRDA:30,3,2,0
BRDA:31,4,0,0
BRDA:31,4,1,0
BRDA:31,4,2,0
BRDA:32,5,0,0
BRDA:32,5,1,0
BRDA:32,5,2,0
BRDA:33,6,0,0
BRDA:33,6,1,0
BRDA:33,6,2,0
BRDA:35,7,0,0
BRDA:35,7,1,0
BRDA:35,7,2,0
BRDA:39,8,0,0
BRDA:39,8,1,0
BRDA:39,8,2,0
BRDA:43,9,0,0
BRDA:43,9,1,0
BRDA:43,9,2,0
BRDA:47,10,0,0
BRDA:47,10,1,0
BRDA:47,10,2,0
BRDA:61,11,0,0
BRDA:61,11,1,0
BRDA:71,12,0,0
BRDA:71,12,1,0
BRDA:80,13,0,0
BRDA:80,13,1,0
BRDA:93,14,0,0
BRDA:93,14,1,0
BRDA:105,15,0,0
BRDA:105,15,1,0
BRDA:124,16,0,0
BRDA:124,16,1,0
BRDA:147,17,0,0
BRDA:147,17,1,0
BRDA:157,18,0,0
BRDA:157,18,1,0
BRDA:172,19,0,0
BRDA:172,19,1,0
BRDA:177,20,0,0
BRDA:177,20,1,0
BRF:50
BRH:0
end_of_record
TN:
SF:src\context\DemoModeContext.js
FN:5,(anonymous_0)
FN:11,(anonymous_1)
FN:12,(anonymous_2)
FN:22,(anonymous_3)
FNF:4
FNH:0
FNDA:0,(anonymous_0)
FNDA:0,(anonymous_1)
FNDA:0,(anonymous_2)
FNDA:0,(anonymous_3)
DA:3,0
DA:5,0
DA:6,0
DA:8,0
DA:11,0
DA:12,0
DA:15,0
DA:22,0
DA:23,0
DA:24,0
DA:25,0
DA:27,0
LF:12
LH:0
BRDA:24,0,0,0
BRDA:24,0,1,0
BRF:2
BRH:0
end_of_record
TN:
SF:src\context\NetworkContext.js
FN:15,(anonymous_0)
FN:23,(anonymous_1)
FN:35,(anonymous_2)
FN:42,(anonymous_3)
FN:70,(anonymous_4)
FN:89,(anonymous_5)
FN:90,(anonymous_6)
FN:108,(anonymous_7)
FN:128,(anonymous_8)
FN:133,(anonymous_9)
FN:137,(anonymous_10)
FN:145,(anonymous_11)
FN:156,(anonymous_12)
FNF:13
FNH:0
FNDA:0,(anonymous_0)
FNDA:0,(anonymous_1)
FNDA:0,(anonymous_2)
FNDA:0,(anonymous_3)
FNDA:0,(anonymous_4)
FNDA:0,(anonymous_5)
FNDA:0,(anonymous_6)
FNDA:0,(anonymous_7)
FNDA:0,(anonymous_8)
FNDA:0,(anonymous_9)
FNDA:0,(anonymous_10)
FNDA:0,(anonymous_11)
FNDA:0,(anonymous_12)
DA:13,0
DA:15,0
DA:16,0
DA:17,0
DA:18,0
DA:20,0
DA:23,0
DA:24,0
DA:25,0
DA:26,0
DA:27,0
DA:29,0
DA:30,0
DA:35,0
DA:36,0
DA:42,0
DA:43,0
DA:44,0
DA:45,0
DA:48,0
DA:49,0
DA:51,0
DA:53,0
DA:54,0
DA:55,0
DA:59,0
DA:60,0
DA:61,0
DA:63,0
DA:67,0
DA:68,0
DA:69,0
DA:70,0
DA:72,0
DA:78,0
DA:79,0
DA:80,0
DA:82,0
DA:85,0
DA:86,0
DA:87,0
DA:89,0
DA:90,0
DA:91,0
DA:92,0
DA:95,0
DA:96,0
DA:99,0
DA:100,0
DA:108,0
DA:109,0
DA:110,0
DA:112,0
DA:114,0
DA:116,0
DA:117,0
DA:118,0
DA:119,0
DA:121,0
DA:128,0
DA:130,0
DA:133,0
DA:134,0
DA:137,0
DA:138,0
DA:145,0
DA:146,0
DA:147,0
DA:150,0
DA:156,0
DA:164,0
LF:71
LH:0
BRDA:17,0,0,0
BRDA:17,0,1,0
BRDA:43,1,0,0
BRDA:43,1,1,0
BRDA:54,2,0,0
BRDA:54,2,1,0
BRDA:60,3,0,0
BRDA:60,3,1,0
BRDA:68,4,0,0
BRDA:68,4,1,0
BRDA:85,5,0,0
BRDA:85,5,1,0
BRDA:99,6,0,0
BRDA:99,6,1,0
BRDA:110,7,0,0
BRDA:110,7,1,0
BRDA:114,8,0,0
BRDA:114,8,1,0
BRDA:114,9,0,0
BRDA:114,9,1,0
BRDA:119,10,0,0
BRDA:119,10,1,0
BRDA:119,11,0,0
BRDA:119,11,1,0
BRDA:134,12,0,0
BRDA:134,12,1,0
BRF:26
BRH:0
end_of_record
TN:
SF:src\context\NotificationContext.js
FN:20,(anonymous_0)
FN:36,(anonymous_1)
FN:51,(anonymous_2)
FN:61,(anonymous_3)
FN:81,(anonymous_4)
FN:100,(anonymous_5)
FN:114,(anonymous_6)
FN:120,(anonymous_7)
FN:123,(anonymous_8)
FN:134,(anonymous_9)
FN:140,(anonymous_10)
FN:141,(anonymous_11)
FN:163,(anonymous_12)
FN:164,(anonymous_13)
FN:171,(anonymous_14)
FN:189,(anonymous_15)
FN:190,(anonymous_16)
FN:198,(anonymous_17)
FN:215,(anonymous_18)
FN:233,(anonymous_19)
FN:234,(anonymous_20)
FN:258,(anonymous_21)
FN:273,(anonymous_22)
FN:274,(anonymous_23)
FN:274,(anonymous_24)
FN:278,(anonymous_25)
FN:296,(anonymous_26)
FN:327,(anonymous_27)
FN:365,(anonymous_28)
FN:366,(anonymous_29)
FN:372,(anonymous_30)
FN:373,(anonymous_31)
FN:403,(anonymous_32)
FNF:33
FNH:0
FNDA:0,(anonymous_0)
FNDA:0,(anonymous_1)
FNDA:0,(anonymous_2)
FNDA:0,(anonymous_3)
FNDA:0,(anonymous_4)
FNDA:0,(anonymous_5)
FNDA:0,(anonymous_6)
FNDA:0,(anonymous_7)
FNDA:0,(anonymous_8)
FNDA:0,(anonymous_9)
FNDA:0,(anonymous_10)
FNDA:0,(anonymous_11)
FNDA:0,(anonymous_12)
FNDA:0,(anonymous_13)
FNDA:0,(anonymous_14)
FNDA:0,(anonymous_15)
FNDA:0,(anonymous_16)
FNDA:0,(anonymous_17)
FNDA:0,(anonymous_18)
FNDA:0,(anonymous_19)
FNDA:0,(anonymous_20)
FNDA:0,(anonymous_21)
FNDA:0,(anonymous_22)
FNDA:0,(anonymous_23)
FNDA:0,(anonymous_24)
FNDA:0,(anonymous_25)
FNDA:0,(anonymous_26)
FNDA:0,(anonymous_27)
FNDA:0,(anonymous_28)
FNDA:0,(anonymous_29)
FNDA:0,(anonymous_30)
FNDA:0,(anonymous_31)
FNDA:0,(anonymous_32)
DA:18,0
DA:20,0
DA:21,0
DA:24,0
DA:27,0
DA:30,0
DA:33,0
DA:36,0
DA:37,0
DA:38,0
DA:39,0
DA:42,0
DA:43,0
DA:44,0
DA:45,0
DA:46,0
DA:51,0
DA:52,0
DA:53,0
DA:61,0
DA:62,0
DA:64,0
DA:65,0
DA:67,0
DA:74,0
DA:75,0
DA:78,0
DA:81,0
DA:82,0
DA:84,0
DA:89,0
DA:93,0
DA:100,0
DA:101,0
DA:103,0
DA:104,0
DA:115,0
DA:120,0
DA:123,0
DA:135,0
DA:140,0
DA:141,0
DA:145,0
DA:150,0
DA:152,0
DA:154,0
DA:163,0
DA:164,0
[...]
BRDA:109,10,1,0
BRDA:109,11,0,0
BRDA:109,11,1,0
BRDA:113,12,0,0
BRDA:113,12,1,0
BRF:26
BRH:0
end_of_record
TN:
SF:src\services\SupabaseMatchService.js
FN:14,(anonymous_0)
FN:44,(anonymous_1)
FN:61,(anonymous_2)
FN:81,(anonymous_3)
FN:101,(anonymous_4)
FN:164,(anonymous_5)
FN:205,(anonymous_6)
FN:220,(anonymous_7)
FN:234,(anonymous_8)
FN:237,(anonymous_9)
FN:256,(anonymous_10)
FN:257,(anonymous_11)
FN:288,(anonymous_12)
FN:289,(anonymous_13)
FN:332,(anonymous_14)
FN:361,(anonymous_15)
FN:362,(anonymous_16)
FN:384,(anonymous_17)
FN:393,(anonymous_18)
FN:437,(anonymous_19)
FN:438,(anonymous_20)
FN:448,(anonymous_21)
FN:454,(anonymous_22)
FN:469,(anonymous_23)
FN:470,(anonymous_24)
FNF:25
FNH:8
FNDA:100,(anonymous_0)
FNDA:0,(anonymous_1)
FNDA:0,(anonymous_2)
FNDA:0,(anonymous_3)
FNDA:150,(anonymous_4)
FNDA:50,(anonymous_5)
FNDA:0,(anonymous_6)
FNDA:0,(anonymous_7)
FNDA:0,(anonymous_8)
FNDA:0,(anonymous_9)
FNDA:300,(anonymous_10)
FNDA:300,(anonymous_11)
FNDA:50,(anonymous_12)
FNDA:0,(anonymous_13)
FNDA:0,(anonymous_14)
FNDA:0,(anonymous_15)
FNDA:0,(anonymous_16)
FNDA:0,(anonymous_17)
FNDA:0,(anonymous_18)
FNDA:0,(anonymous_19)
FNDA:0,(anonymous_20)
FNDA:0,(anonymous_21)
FNDA:0,(anonymous_22)
FNDA:100,(anonymous_23)
FNDA:100,(anonymous_24)
DA:15,100
DA:16,100
DA:27,0
DA:29,0
DA:32,0
DA:34,0
DA:36,100
DA:37,100
DA:45,0
DA:46,0
DA:56,0
DA:58,0
DA:61,0
DA:66,0
DA:68,0
DA:70,0
DA:73,0
DA:74,0
DA:82,0
DA:83,0
DA:88,0
DA:90,0
DA:91,0
DA:93,0
DA:94,0
DA:102,150
DA:104,150
DA:111,150
DA:112,0
DA:116,150
DA:117,0
DA:118,0
DA:122,150
DA:129,150
DA:130,0
DA:134,150
DA:142,150
DA:145,150
DA:146,50
DA:147,50
DA:148,50
DA:149,50
DA:152,100
DA:153,100
DA:155,0
DA:156,0
DA:157,0
DA:165,50
DA:167,50
DA:174,50
DA:175,0
DA:179,50
DA:180,0
DA:181,0
DA:184,50
DA:192,50
DA:194,50
DA:195,50
DA:197,0
DA:198,0
DA:206,0
DA:207,0
DA:208,0
DA:209,0
DA:210,0
DA:213,0
DA:221,0
DA:223,0
DA:226,0
DA:228,0
DA:229,0
DA:230,0
DA:233,0
DA:234,0
DA:237,0
DA:240,0
DA:241,0
DA:244,0
DA:245,0
DA:247,0
DA:248,0
DA:257,300
DA:259,300
DA:265,300
DA:268,300
DA:277,300
DA:282,300
DA:287,300
DA:288,50
DA:289,0
DA:293,250
DA:301,250
DA:302,186
DA:306,250
DA:307,0
DA:311,250
DA:312,0
DA:316,250
DA:318,64
DA:319,64
DA:322,64
DA:323,64
DA:324,64
DA:332,0
DA:340,0
DA:341,0
DA:347,0
DA:353,0
DA:362,0
DA:363,0
DA:373,0
DA:375,0
DA:376,0
DA:385,0
DA:386,0
DA:389,0
DA:390,0
DA:391,0
DA:392,0
DA:393,0
DA:394,0
DA:398,0
DA:399,0
DA:400,0
DA:404,0
DA:406,0
DA:407,0
DA:408,0
DA:413,0
DA:414,0
DA:415,0
DA:416,0
DA:421,0
DA:422,0
DA:423,0
DA:427,0
DA:431,0
DA:438,0
DA:439,0
DA:440,0
DA:442,0
DA:448,0
DA:454,0
DA:456,0
DA:461,0
DA:470,100
DA:472,100
DA:479,100
DA:480,0
DA:484,100
DA:485,100
DA:487,100
DA:493,100
DA:499,100
DA:500,100
DA:501,100
DA:503,100
DA:505,100
LF:158
LH:58
BRDA:27,0,0,0
BRDA:27,0,1,0
BRDA:56,1,0,0
BRDA:56,1,1,0
BRDA:88,2,0,0
BRDA:88,2,1,0
BRDA:111,3,0,0
BRDA:111,3,1,150
BRDA:111,4,0,150
BRDA:111,4,1,150
BRDA:116,5,0,0
BRDA:116,5,1,150
BRDA:129,6,0,0
BRDA:129,6,1,150
BRDA:129,7,0,150
BRDA:129,7,1,100
BRDA:142,8,0,0
BRDA:142,8,1,150
BRDA:145,9,0,50
BRDA:145,9,1,100
BRDA:174,10,0,0
BRDA:174,10,1,50
BRDA:174,11,0,50
BRDA:174,11,1,50
BRDA:179,12,0,0
BRDA:179,12,1,50
BRDA:192,13,0,0
BRDA:192,13,1,50
BRDA:208,14,0,0
BRDA:208,14,1,0
BRDA:228,15,0,0
BRDA:228,15,1,0
BRDA:233,16,0,0
BRDA:233,16,1,0
BRDA:234,17,0,0
BRDA:234,17,1,0
BRDA:237,18,0,0
BRDA:237,18,1,0
BRDA:237,19,0,0
BRDA:237,19,1,0
BRDA:256,20,0,300
BRDA:265,21,0,0
BRDA:265,21,1,300
BRDA:269,22,0,300
BRDA:269,22,1,300
BRDA:269,22,2,0
BRDA:270,23,0,300
BRDA:270,23,1,300
BRDA:270,23,2,0
BRDA:271,24,0,300
BRDA:271,24,1,300
BRDA:271,24,2,50
BRDA:272,25,0,300
BRDA:272,25,1,300
BRDA:272,25,2,50
BRDA:273,26,0,300
BRDA:273,26,1,300
BRDA:301,27,0,186
BRDA:301,27,1,64
BRDA:306,28,0,0
BRDA:306,28,1,250
BRDA:311,29,0,0
BRDA:311,29,1,250
BRDA:319,30,0,0
BRDA:319,30,1,64
BRDA:323,31,0,64
BRDA:323,31,1,0
BRDA:323,32,0,64
BRDA:323,32,1,64
BRDA:334,33,0,0
BRDA:334,33,1,0
BRDA:334,34,0,0
BRDA:334,34,1,0
BRDA:340,35,0,0
BRDA:340,35,1,0
BRDA:373,36,0,0
BRDA:373,36,1,0
BRDA:390,37,0,0
BRDA:390,37,1,0
BRDA:390,38,0,0
BRDA:390,38,1,0
BRDA:399,39,0,0
BRDA:399,39,1,0
BRDA:399,40,0,0
BRDA:399,40,1,0
BRDA:404,41,0,0
BRDA:404,41,1,0
BRDA:406,42,0,0
BRDA:406,42,1,0
BRDA:407,43,0,0
BRDA:407,43,1,0
BRDA:408,44,0,0
BRDA:408,44,1,0
BRDA:414,45,0,0
BRDA:414,45,1,0
BRDA:414,46,0,0
BRDA:414,46,1,0
BRDA:415,47,0,0
BRDA:415,47,1,0
BRDA:422,48,0,0
BRDA:422,48,1,0
BRDA:422,49,0,0
BRDA:422,49,1,0
BRDA:431,50,0,0
BRDA:431,50,1,0
BRDA:440,51,0,0
BRDA:440,51,1,0
BRDA:479,52,0,0
BRDA:479,52,1,100
BRDA:499,53,0,100
BRDA:499,53,1,0
BRDA:499,54,0,100
BRDA:499,54,1,0
BRF:113
BRH:40
end_of_record
TN:
SF:src\services\SupabaseStorageService.js
FN:22,(anonymous_0)
FN:23,(anonymous_1)
FN:82,(anonymous_2)
FN:89,(anonymous_3)
FN:96,(anonymous_4)
FN:97,(anonymous_5)
FN:112,(anonymous_6)
FN:113,(anonymous_7)
FN:121,(anonymous_8)
FN:136,decode
FNF:10
FNH:0
FNDA:0,(anonymous_0)
FNDA:0,(anonymous_1)
FNDA:0,(anonymous_2)
FNDA:0,(anonymous_3)
FNDA:0,(anonymous_4)
FNDA:0,(anonymous_5)
FNDA:0,(anonymous_6)
FNDA:0,(anonymous_7)
FNDA:0,(anonymous_8)
FNDA:0,decode
DA:13,0
DA:23,0
DA:25,0
DA:26,0
DA:28,0
DA:29,0
DA:30,0
DA:31,0
DA:37,0
DA:38,0
DA:39,0
DA:40,0
DA:44,0
DA:49,0
DA:56,0
DA:59,0
DA:63,0
DA:65,0
DA:66,0
DA:69,0
DA:71,0
DA:83,0
DA:90,0
DA:97,0
DA:98,0
DA:102,0
DA:104,0
DA:105,0
DA:113,0
DA:114,0
DA:118,0
DA:120,0
DA:121,0
DA:122,0
DA:126,0
DA:129,0
DA:130,0
DA:137,0
DA:138,0
DA:139,0
DA:140,0
DA:142,0
LF:42
LH:0
BRDA:22,0,0,0
BRDA:29,1,0,0
BRDA:29,1,1,0
BRDA:29,2,0,0
BRDA:29,2,1,0
BRDA:37,3,0,0
BRDA:37,3,1,0
BRDA:56,4,0,0
BRDA:56,4,1,0
BRDA:65,5,0,0
BRDA:65,5,1,0
BRDA:102,6,0,0
BRDA:102,6,1,0
BRDA:118,7,0,0
BRDA:118,7,1,0
BRDA:120,8,0,0
BRDA:120,8,1,0
BRDA:120,9,0,0
BRDA:120,9,1,0
BRDA:126,10,0,0
BRDA:126,10,1,0
BRDA:129,11,0,0
BRDA:129,11,1,0
BRDA:130,12,0,0
BRDA:130,12,1,0
BRF:25
BRH:0
end_of_record
TN:
SF:src\services\SupabaseStorageService_CLEAN.js
FN:22,(anonymous_0)
FN:23,(anonymous_1)
FN:82,(anonymous_2)
FN:89,(anonymous_3)
FN:96,(anonymous_4)
FN:97,(anonymous_5)
FN:112,(anonymous_6)
FN:113,(anonymous_7)
FN:121,(anonymous_8)
FN:136,decode
FNF:10
FNH:0
FNDA:0,(anonymous_0)
FNDA:0,(anonymous_1)
FNDA:0,(anonymous_2)
FNDA:0,(anonymous_3)
FNDA:0,(anonymous_4)
FNDA:0,(anonymous_5)
FNDA:0,(anonymous_6)
FNDA:0,(anonymous_7)
FNDA:0,(anonymous_8)
FNDA:0,decode
DA:13,0
DA:23,0
DA:25,0
DA:26,0
DA:28,0
DA:29,0
DA:30,0
DA:31,0
DA:37,0
DA:38,0
DA:39,0
DA:40,0
DA:44,0
DA:49,0
DA:56,0
DA:59,0
DA:63,0
DA:65,0
DA:66,0
DA:69,0
DA:71,0
DA:83,0
DA:90,0
DA:97,0
DA:98,0
DA:102,0
DA:104,0
DA:105,0
DA:113,0
DA:114,0
DA:118,0
DA:120,0
DA:121,0
DA:122,0
DA:126,0
DA:129,0
DA:130,0
DA:137,0
DA:138,0
DA:139,0
DA:140,0
DA:142,0
LF:42
LH:0
BRDA:22,0,0,0
BRDA:29,1,0,0
BRDA:29,1,1,0
BRDA:29,2,0,0
BRDA:29,2,1,0
BRDA:37,3,0,0
BRDA:37,3,1,0
BRDA:56,4,0,0
BRDA:56,4,1,0
BRDA:65,5,0,0
BRDA:65,5,1,0
BRDA:102,6,0,0
BRDA:102,6,1,0
BRDA:118,7,0,0
BRDA:118,7,1,0
BRDA:120,8,0,0
BRDA:120,8,1,0
BRDA:120,9,0,0
BRDA:120,9,1,0
BRDA:126,10,0,0
BRDA:126,10,1,0
BRDA:129,11,0,0
BRDA:129,11,1,0
BRDA:130,12,0,0
BRDA:130,12,1,0
BRF:25
BRH:0
end_of_record
TN:
SF:src\services\SuperLikeService.js
FN:15,(anonymous_0)
FN:39,(anonymous_1)
FN:50,(anonymous_2)
FN:122,(anonymous_3)
FN:151,(anonymous_4)
FN:173,(anonymous_5)
FN:219,(anonymous_6)
FN:252,(anonymous_7)
FNF:8
FNH:0
FNDA:0,(anonymous_0)
FNDA:0,(anonymous_1)
FNDA:0,(anonymous_2)
FNDA:0,(anonymous_3)
FNDA:0,(anonymous_4)
FNDA:0,(anonymous_5)
FNDA:0,(anonymous_6)
FNDA:0,(anonymous_7)
DA:16,0
DA:17,0
DA:23,0
DA:24,0
DA:27,0
DA:29,0
DA:30,0
DA:40,0
DA:41,0
DA:51,0
DA:53,0
DA:54,0
DA:55,0
DA:59,0
DA:60,0
DA:64,0
DA:65,0
DA:73,0
DA:74,0
DA:78,0
DA:88,0
DA:91,0
DA:94,0
DA:96,0
DA:102,0
DA:109,0
DA:110,0
DA:123,0
DA:124,0
DA:130,0
DA:132,0
DA:141,0
DA:152,0
DA:153,0
DA:165,0
DA:174,0
DA:176,0
DA:181,0
DA:184,0
DA:192,0
DA:193,0
DA:195,0
DA:204,0
DA:209,0
DA:220,0
DA:221,0
DA:237,0
DA:239,0
DA:241,0
DA:242,0
DA:253,0
DA:254,0
DA:256,0
DA:264,0
DA:266,0
LF:55
LH:0
BRDA:23,0,0,0
BRDA:23,0,1,0
BRDA:23,1,0,0
BRDA:23,1,1,0
BRDA:27,2,0,0
BRDA:27,2,1,0
BRDA:54,3,0,0
BRDA:54,3,1,0
BRDA:59,4,0,0
BRDA:59,4,1,0
BRDA:73,5,0,0
BRDA:73,5,1,0
BRDA:88,6,0,0
BRDA:88,6,1,0
BRDA:130,7,0,0
BRDA:130,7,1,0
BRDA:181,8,0,0
BRDA:181,8,1,0
BRDA:193,9,0,0
BRDA:193,9,1,0
BRDA:219,10,0,0
BRDA:237,11,0,0
BRDA:237,11,1,0
BRDA:239,12,0,0
BRDA:239,12,1,0
BRF:25
BRH:0
end_of_record
TN:
SF:src\services\SyncManager.js
FN:18,(anonymous_0)
FN:36,(anonymous_1)
FN:41,(anonymous_2)
FN:51,(anonymous_3)
FN:62,(anonymous_4)
FN:86,(anonymous_5)
FN:94,(anonymous_6)
FNF:7
FNH:0
FNDA:0,(anonymous_0)
FNDA:0,(anonymous_1)
FNDA:0,(anonymous_2)
FNDA:0,(anonymous_3)
FNDA:0,(anonymous_4)
FNDA:0,(anonymous_5)
FNDA:0,(anonymous_6)
DA:11,0
DA:12,0
DA:13,0
DA:19,0
DA:20,0
DA:21,0
DA:24,0
DA:25,0
DA:28,0
DA:29,0
DA:37,0
DA:38,0
DA:41,0
DA:42,0
DA:45,0
DA:52,0
DA:53,0
DA:54,0
DA:55,0
DA:63,0
DA:64,0
DA:65,0
DA:68,0
DA:69,0
DA:70,0
DA:73,0
DA:75,0
DA:77,0
DA:79,0
DA:87,0
DA:88,0
DA:95,0
LF:32
LH:0
BRDA:18,0,0,0
BRDA:19,1,0,0
BRDA:19,1,1,0
BRDA:28,2,0,0
BRDA:28,2,1,0
BRDA:29,3,0,0
BRDA:29,3,1,0
BRDA:36,4,0,0
BRDA:37,5,0,0
BRDA:37,5,1,0
BRDA:52,6,0,0
BRDA:52,6,1,0
BRDA:63,7,0,0
BRDA:63,7,1,0
BRF:14
BRH:0
end_of_record
TN:
SF:src\services\TopPicksService.js
FN:5,(anonymous_0)
FN:10,(anonymous_1)
FN:18,(anonymous_2)
FN:25,(anonymous_3)
FN:46,(anonymous_4)
FN:64,(anonymous_5)
FN:78,(anonymous_6)
FN:84,(anonymous_7)
FN:90,(anonymous_8)
FN:111,(anonymous_9)
FNF:10
FNH:0
FNDA:0,(anonymous_0)
FNDA:0,(anonymous_1)
FNDA:0,(anonymous_2)
FNDA:0,(anonymous_3)
FNDA:0,(anonymous_4)
FNDA:0,(anonymous_5)
FNDA:0,(anonymous_6)
FNDA:0,(anonymous_7)
FNDA:0,(anonymous_8)
FNDA:0,(anonymous_9)
DA:6,0
DA:7,0
DA:11,0
DA:13,0
DA:14,0
DA:18,0
DA:24,0
DA:25,0
DA:29,0
DA:30,0
DA:33,0
DA:34,0
DA:39,0
DA:41,0
DA:42,0
DA:47,0
DA:48,0
DA:49,0
DA:50,0
DA:51,0
DA:53,0
DA:54,0
DA:57,0
DA:59,0
DA:60,0
DA:66,0
DA:67,0
DA:68,0
DA:70,0
DA:72,0
DA:75,0
DA:79,0
DA:80,0
DA:81,0
DA:85,0
DA:86,0
DA:87,0
DA:91,0
DA:93,0
DA:94,0
DA:96,0
DA:97,0
DA:99,0
DA:100,0
DA:102,0
DA:103,0
DA:105,0
DA:106,0
DA:108,0
DA:112,0
DA:113,0
DA:114,0
DA:116,0
DA:117,0
LF:54
LH:0
BRDA:10,0,0,0
BRDA:13,1,0,0
BRDA:13,1,1,0
BRDA:13,2,0,0
BRDA:13,2,1,0
BRDA:18,3,0,0
BRDA:18,3,1,0
BRDA:49,4,0,0
BRDA:49,4,1,0
BRDA:53,5,0,0
BRDA:53,5,1,0
BRDA:70,6,0,0
BRDA:70,6,1,0
BRDA:91,7,0,0
BRDA:91,7,1,0
BRDA:93,8,0,0
BRDA:93,8,1,0
BRDA:93,9,0,0
BRDA:93,9,1,0
BRDA:96,10,0,0
BRDA:96,10,1,0
BRDA:99,11,0,0
BRDA:99,11,1,0
BRDA:99,12,0,0
BRDA:99,12,1,0
BRDA:102,13,0,0
BRDA:102,13,1,0
BRDA:102,14,0,0
BRDA:102,14,1,0
BRDA:105,15,0,0
BRDA:105,15,1,0
BRDA:105,16,0,0
BRDA:105,16,1,0
BRF:33
BRH:0
end_of_record
TN:
SF:src\services\ValidationService.js
FN:10,(anonymous_0)
FN:41,(anonymous_1)
FN:74,(anonymous_2)
FN:135,(anonymous_3)
FN:153,(anonymous_4)
FN:179,(anonymous_5)
FN:221,(anonymous_6)
FN:247,(anonymous_7)
FN:273,(anonymous_8)
FN:313,(anonymous_9)
FN:363,(anonymous_10)
FNF:11
FNH:0
FNDA:0,(anonymous_0)
FNDA:0,(anonymous_1)
FNDA:0,(anonymous_2)
FNDA:0,(anonymous_3)
FNDA:0,(anonymous_4)
FNDA:0,(anonymous_5)
FNDA:0,(anonymous_6)
FNDA:0,(anonymous_7)
FNDA:0,(anonymous_8)
FNDA:0,(anonymous_9)
FNDA:0,(anonymous_10)
DA:12,0
DA:21,0
DA:31,0
DA:42,0
DA:43,0
DA:49,0
DA:51,0
DA:52,0
DA:58,0
DA:59,0
DA:65,0
DA:75,0
DA:76,0
DA:82,0
DA:84,0
DA:85,0
DA:91,0
DA:92,0
DA:98,0
DA:99,0
DA:105,0
DA:106,0
DA:112,0
DA:113,0
DA:119,0
DA:120,0
DA:126,0
DA:136,0
DA:138,0
DA:139,0
DA:140,0
DA:141,0
DA:142,0
DA:143,0
DA:145,0
DA:146,0
DA:147,0
DA:154,0
DA:155,0
DA:161,0
DA:163,0
DA:164,0
DA:170,0
DA:180,0
DA:181,0
DA:187,0
DA:188,0
DA:190,0
DA:191,0
DA:197,0
DA:198,0
DA:204,0
DA:205,0
DA:211,0
DA:222,0
DA:223,0
DA:229,0
DA:231,0
DA:232,0
DA:238,0
DA:248,0
DA:249,0
DA:255,0
DA:257,0
DA:258,0
DA:264,0
DA:274,0
DA:275,0
DA:281,0
DA:283,0
DA:284,0
DA:290,0
DA:291,0
DA:297,0
DA:298,0
DA:304,0
DA:314,0
DA:315,0
DA:317,0
DA:318,0
DA:321,0
DA:322,0
DA:323,0
DA:327,0
DA:328,0
DA:332,0
DA:333,0
DA:334,0
DA:335,0
DA:336,0
DA:341,0
DA:342,0
DA:343,0
DA:344,0
DA:345,0
DA:347,0
DA:349,0
DA:353,0
DA:364,0
DA:365,0
DA:367,0
DA:368,0
DA:371,0
DA:372,0
DA:373,0
DA:377,0
DA:378,0
DA:382,0
DA:383,0
DA:384,0
DA:385,0
DA:386,0
DA:387,0
DA:389,0
DA:391,0
DA:392,0
DA:394,0
DA:395,0
DA:396,0
DA:397,0
DA:398,0
DA:400,0
DA:402,0
DA:406,0
DA:415,0
LF:125
LH:0
BRDA:42,0,0,0
BRDA:42,0,1,0
BRDA:42,1,0,0
BRDA:42,1,1,0
BRDA:51,2,0,0
BRDA:51,2,1,0
BRDA:58,3,0,0
BRDA:58,3,1,0
BRDA:75,4,0,0
BRDA:75,4,1,0
BRDA:75,5,0,0
BRDA:75,5,1,0
BRDA:84,6,0,0
BRDA:84,6,1,0
BRDA:91,7,0,0
BRDA:91,7,1,0
BRDA:98,8,0,0
BRDA:98,8,1,0
BRDA:98,9,0,0
BRDA:98,9,1,0
BRDA:105,10,0,0
BRDA:105,10,1,0
BRDA:105,11,0,0
BRDA:105,11,1,0
BRDA:112,12,0,0
BRDA:112,12,1,0
BRDA:112,13,0,0
BRDA:112,13,1,0
BRDA:119,14,0,0
BRDA:119,14,1,0
BRDA:119,15,0,0
BRDA:119,15,1,0
BRDA:138,16,0,0
BRDA:138,16,1,0
BRDA:139,17,0,0
BRDA:139,17,1,0
BRDA:140,18,0,0
BRDA:140,18,1,0
BRDA:141,19,0,0
BRDA:141,19,1,0
BRDA:142,20,0,0
BRDA:142,20,1,0
BRDA:143,21,0,0
BRDA:143,21,1,0
BRDA:145,22,0,0
BRDA:145,22,1,0
BRDA:146,23,0,0
BRDA:146,23,1,0
BRDA:154,24,0,0
BRDA:154,24,1,0
BRDA:154,25,0,0
BRDA:154,25,1,0
BRDA:163,26,0,0
BRDA:163,26,1,0
BRDA:180,27,0,0
BRDA:180,27,1,0
BRDA:180,28,0,0
BRDA:180,28,1,0
BRDA:190,29,0,0
BRDA:190,29,1,0
BRDA:197,30,0,0
BRDA:197,30,1,0
BRDA:204,31,0,0
BRDA:204,31,1,0
BRDA:222,32,0,0
BRDA:222,32,1,0
BRDA:222,33,0,0
BRDA:222,33,1,0
BRDA:231,34,0,0
BRDA:231,34,1,0
BRDA:248,35,0,0
BRDA:248,35,1,0
BRDA:248,36,0,0
BRDA:248,36,1,0
BRDA:257,37,0,0
BRDA:257,37,1,0
BRDA:274,38,0,0
BRDA:274,38,1,0
BRDA:274,39,0,0
BRDA:274,39,1,0
BRDA:283,40,0,0
BRDA:283,40,1,0
BRDA:290,41,0,0
BRDA:290,41,1,0
BRDA:297,42,0,0
BRDA:297,42,1,0
BRDA:321,43,0,0
BRDA:321,43,1,0
BRDA:321,44,0,0
BRDA:321,44,1,0
BRDA:321,44,2,0
BRDA:321,44,3,0
BRDA:327,45,0,0
BRDA:327,45,1,0
BRDA:327,46,0,0
BRDA:327,46,1,0
BRDA:327,46,2,0
BRDA:327,46,3,0
BRDA:332,47,0,0
BRDA:332,47,1,0
BRDA:333,48,0,0
BRDA:333,48,1,0
BRDA:334,49,0,0
BRDA:334,49,1,0
BRDA:341,50,0,0
BRDA:341,50,1,0
BRDA:343,51,0,0
BRDA:343,51,1,0
BRDA:347,52,0,0
BRDA:347,52,1,0
BRDA:371,53,0,0
BRDA:371,53,1,0
BRDA:371,54,0,0
BRDA:371,54,1,0
BRDA:371,54,2,0
BRDA:371,54,3,0
BRDA:377,55,0,0
BRDA:377,55,1,0
BRDA:377,56,0,0
BRDA:377,56,1,0
BRDA:377,56,2,0
BRDA:377,56,3,0
BRDA:382,57,0,0
BRDA:382,57,1,0
BRDA:385,58,0,0
BRDA:385,58,1,0
BRDA:389,59,0,0
BRDA:389,59,1,0
BRDA:394,60,0,0
BRDA:394,60,1,0
BRDA:396,61,0,0
BRDA:396,61,1,0
BRDA:400,62,0,0
BRDA:400,62,1,0
BRF:134
BRH:0
end_of_record
TN:
SF:src\services\VideoService.js
FN:32,(anonymous_0)
FN:84,(anonymous_1)
FN:108,(anonymous_2)
FN:125,(anonymous_3)
FN:126,(anonymous_4)
FN:224,(anonymous_5)
FN:225,(anonymous_6)
FN:240,(anonymous_7)
FN:241,(anonymous_8)
FN:328,(anonymous_9)
FN:329,(anonymous_10)
FN:380,(anonymous_11)
FN:381,(anonymous_12)
FN:397,(anonymous_13)
FN:430,(anonymous_14)
FN:431,(anonymous_15)
FN:488,(anonymous_16)
FN:489,(anonymous_17)
FN:507,(anonymous_18)
FN:508,(anonymous_19)
FN:536,(anonymous_20)
FN:537,(anonymous_21)
FN:556,(anonymous_22)
FN:557,(anonymous_23)
FN:582,(anonymous_24)
FN:583,(anonymous_25)
FN:607,(anonymous_26)
FN:608,(anonymous_27)
FN:633,(anonymous_28)
FN:634,(anonymous_29)
FN:662,decode
FNF:31
FNH:3
FNDA:5,(anonymous_0)
FNDA:0,(anonymous_1)
FNDA:0,(anonymous_2)
FNDA:0,(anonymous_3)
FNDA:0,(anonymous_4)
FNDA:0,(anonymous_5)
FNDA:0,(anonymous_6)
FNDA:4,(anonymous_7)
FNDA:4,(anonymous_8)
FNDA:0,(anonymous_9)
FNDA:0,(anonymous_10)
FNDA:0,(anonymous_11)
FNDA:0,(anonymous_12)
FNDA:0,(anonymous_13)
FNDA:0,(anonymous_14)
FNDA:0,(anonymous_15)
FNDA:0,(anonymous_16)
FNDA:0,(anonymous_17)
FNDA:0,(anonymous_18)
FNDA:0,(anonymous_19)
FNDA:0,(anonymous_20)
FNDA:0,(anonymous_21)
FNDA:0,(anonymous_22)
FNDA:0,(anonymous_23)
FNDA:0,(anonymous_24)
FNDA:0,(anonymous_25)
FNDA:0,(anonymous_26)
FNDA:0,(anonymous_27)
FNDA:0,(anonymous_28)
FNDA:0,(anonymous_29)
FNDA:0,decode
DA:12,1
DA:21,1
DA:33,5
DA:35,5
DA:37,5
DA:38,0
DA:45,5
DA:46,5
DA:47,0
DA:54,5
DA:55,5
DA:56,5
DA:65,0
DA:71,0
DA:72,0
DA:85,0
DA:87,0
DA:93,0
DA:98,0
DA:99,0
DA:109,0
DA:110,0
DA:115,0
DA:126,0
DA:127,0
DA:130,0
DA:131,0
DA:132,0
DA:136,0
DA:137,0
DA:139,0
DA:143,0
DA:144,0
DA:146,0
DA:147,0
DA:149,0
DA:150,0
DA:151,0
DA:154,0
DA:155,0
DA:158,0
DA:159,0
DA:164,0
DA:165,0
DA:166,0
DA:169,0
DA:174,0
DA:181,0
DA:184,0
DA:193,0
DA:199,0
DA:201,0
DA:202,0
DA:205,0
DA:210,0
DA:225,0
DA:226,0
DA:229,0
DA:241,4
DA:242,4
DA:244,4
DA:246,4
DA:249,0
DA:250,0
DA:251,0
DA:255,0
DA:260,0
DA:261,0
DA:262,0
DA:272,0
DA:274,0
DA:277,0
DA:278,0
DA:280,0
DA:281,0
DA:282,0
DA:283,0
DA:287,0
DA:288,0
DA:289,0
DA:292,0
DA:295,0
DA:296,0
DA:303,0
DA:309,0
DA:316,4
DA:317,4
DA:329,0
DA:330,0
DA:333,0
DA:340,0
DA:341,0
DA:342,0
DA:344,0
DA:348,0
DA:352,0
DA:353,0
DA:358,0
DA:364,0
DA:366,0
DA:368,0
DA:381,0
DA:382,0
DA:385,0
DA:390,0
DA:392,0
DA:393,0
DA:397,0
DA:398,0
DA:402,0
DA:403,0
DA:408,0
DA:413,0
DA:415,0
DA:417,0
DA:431,0
DA:432,0
DA:435,0
DA:441,0
DA:442,0
DA:443,0
DA:445,0
DA:451,0
DA:452,0
DA:453,0
DA:464,0
DA:468,0
DA:470,0
DA:471,0
DA:474,0
DA:489,0
DA:491,0
DA:493,0
DA:494,0
DA:498,0
DA:508,0
DA:509,0
DA:513,0
DA:524,0
DA:526,0
DA:527,0
DA:537,0
DA:538,0
DA:544,0
DA:545,0
DA:548,0
DA:557,0
DA:558,0
DA:571,0
DA:573,0
DA:583,0
DA:584,0
DA:594,0
DA:596,0
DA:597,0
DA:608,0
DA:609,0
DA:619,0
DA:621,0
DA:622,0
DA:634,0
DA:635,0
DA:639,0
DA:649,0
DA:651,0
DA:652,0
DA:663,0
DA:664,0
DA:665,0
DA:666,0
DA:668,0
LF:171
LH:16
BRDA:37,0,0,0
BRDA:37,0,1,5
BRDA:46,1,0,0
BRDA:46,1,1,5
BRDA:55,2,0,5
BRDA:55,2,1,0
BRDA:109,3,0,0
BRDA:109,3,1,0
BRDA:125,4,0,0
BRDA:131,5,0,0
BRDA:131,5,1,0
BRDA:137,6,0,0
BRDA:137,6,1,0
BRDA:146,7,0,0
BRDA:146,7,1,0
BRDA:150,8,0,0
BRDA:150,8,1,0
BRDA:158,9,0,0
BRDA:158,9,1,0
BRDA:181,10,0,0
BRDA:181,10,1,0
BRDA:187,11,0,0
BRDA:187,11,1,0
BRDA:189,12,0,0
BRDA:189,12,1,0
BRDA:199,13,0,0
BRDA:199,13,1,0
BRDA:240,14,0,0
BRDA:240,15,0,4
BRDA:250,16,0,0
BRDA:250,16,1,0
BRDA:280,17,0,0
BRDA:280,17,1,0
BRDA:288,18,0,0
BRDA:288,18,1,0
BRDA:295,19,0,0
BRDA:295,19,1,0
BRDA:340,20,0,0
BRDA:340,20,1,0
BRDA:341,21,0,0
BRDA:341,21,1,0
BRDA:352,22,0,0
BRDA:352,22,1,0
BRDA:364,23,0,0
BRDA:364,23,1,0
BRDA:390,24,0,0
BRDA:390,24,1,0
BRDA:392,25,0,0
BRDA:392,25,1,0
BRDA:392,26,0,0
BRDA:392,26,1,0
BRDA:402,27,0,0
BRDA:402,27,1,0
BRDA:413,28,0,0
BRDA:413,28,1,0
BRDA:430,29,0,0
BRDA:441,30,0,0
BRDA:441,30,1,0
BRDA:442,31,0,0
BRDA:442,31,1,0
BRDA:451,32,0,0
BRDA:451,32,1,0
BRDA:452,33,0,0
BRDA:452,33,1,0
BRDA:468,34,0,0
BRDA:468,34,1,0
BRDA:470,35,0,0
BRDA:470,35,1,0
BRDA:470,36,0,0
BRDA:470,36,1,0
BRDA:488,37,0,0
BRDA:493,38,0,0
BRDA:493,38,1,0
BRDA:524,39,0,0
BRDA:524,39,1,0
BRDA:544,40,0,0
BRDA:544,40,1,0
BRDA:544,41,0,0
BRDA:544,41,1,0
BRDA:548,42,0,0
BRDA:548,42,1,0
BRDA:571,43,0,0
BRDA:571,43,1,0
BRDA:573,44,0,0
BRDA:573,44,1,0
BRDA:594,45,0,0
BRDA:594,45,1,0
BRDA:619,46,0,0
BRDA:619,46,1,0
BRDA:649,47,0,0
BRDA:649,47,1,0
BRF:91
BRH:4
end_of_record
TN:
SF:src\services\supabaseClient.js
FN:58,(anonymous_0)
FN:61,(anonymous_1)
FN:66,(anonymous_2)
FNF:3
FNH:0
FNDA:0,(anonymous_0)
FNDA:0,(anonymous_1)
FNDA:0,(anonymous_2)
DA:10,0
DA:14,0
DA:15,0
DA:18,0
DA:19,0
DA:26,0
DA:27,0
DA:33,0
DA:34,0
DA:60,0
DA:61,0
DA:63,0
DA:67,0
DA:72,0
DA:74,0
DA:76,0
LF:16
LH:0
BRDA:10,0,0,0
BRDA:10,0,1,0
BRDA:10,0,2,0
BRDA:14,1,0,0
BRDA:14,1,1,0
BRDA:15,2,0,0
BRDA:15,2,1,0
BRDA:18,3,0,0
BRDA:18,3,1,0
BRDA:18,4,0,0
BRDA:18,4,1,0
BRDA:58,5,0,0
BRF:12
BRH:0
end_of_record
TN:
SF:src\utils\HapticsHelper.js
FN:9,(anonymous_0)
FNF:1
FNH:0
FNDA:0,(anonymous_0)
DA:8,0
DA:10,0
DA:12,0
DA:18,0
LF:4
LH:0
BRDA:9,0,0,0
BRDA:12,1,0,0
BRDA:12,1,1,0
BRF:3
BRH:0
end_of_record
TN:
SF:src\utils\disableHaptics.js
FN:7,(anonymous_0)
FN:8,(anonymous_1)
FN:9,(anonymous_2)
FN:10,(anonymous_3)
FNF:4
FNH:0
FNDA:0,(anonymous_0)
FNDA:0,(anonymous_1)
FNDA:0,(anonymous_2)
FNDA:0,(anonymous_3)
DA:7,0
DA:8,0
DA:9,0
DA:10,0
DA:23,0
LF:5
LH:0
BRF:0
BRH:0
end_of_record
TN:
SF:src\utils\globalHapticsMock.js
FN:6,(anonymous_0)
FN:7,(anonymous_1)
FN:8,(anonymous_2)
FNF:3
FNH:0
FNDA:0,(anonymous_0)
FNDA:0,(anonymous_1)
FNDA:0,(anonymous_2)
DA:5,0
DA:6,0
DA:7,0
DA:8,0
DA:22,0
DA:24,0
DA:26,0
LF:7
LH:0
BRDA:22,0,0,0
BRDA:22,0,1,0
BRF:2
BRH:0
end_of_record
